# Server version 0.08 running on XPS15:8123
# Game ID: 667
# Board class: pentago_swap.PentagoBoard
# Timeout: 2000
# First Move Timeout: 30000
# Date: Sat Apr 13 15:20:34 ICT 2019
# Player 1: Player-0, '260793376', running on localhost
# Player 2: Player-1, 'persistent', running on localhost
START Player-0 260793376
START Player-1 persistent
0 2 TR BL 0
0 1 TR BR 1
1 1 TL BL 0
3 0 TL TR 1
4 2 TL TR 0
1 3 BL BR 1
1 1 TR BR 0
3 5 TL BL 1
3 2 TL BR 0
5 4 BL BR 1
2 3 BL BR 0
GAMEOVER WINNER 0
# Game ended: Sat Apr 13 15:21:23 ICT 2019
