# Server version 0.08 running on XPS15:8123
# Game ID: 337
# Board class: pentago_swap.PentagoBoard
# Timeout: 2000
# First Move Timeout: 30000
# Date: Fri Apr 12 07:54:15 ICT 2019
# Player 1: Player-0, 'Human', running on localhost
# Player 2: Player-1, '260793376', running on localhost
START Player-0 Human
START Player-1 260793376
1 1 TL BL 0
0 3 TL BR 1
4 4 BR TL 0
1 3 TL TR 1
2 0 TL BR 0
1 1 BL BR 1
2 4 TR BL 0
1 4 TL TR 1
1 2 TL TR 0
2 5 TR BR 1
3 1 BL TR 0
0 0 TL BR 1
GAMEOVER WINNER 1
# Game ended: Fri Apr 12 07:55:04 ICT 2019
