# Server version 0.08 running on XPS15:8123
# Game ID: 153
# Board class: pentago_swap.PentagoBoard
# Timeout: 2000
# First Move Timeout: 30000
# Date: Thu Apr 11 06:08:23 ICT 2019
# Player 1: Player-0, 'persistent', running on localhost
# Player 2: Player-1, '260793376', running on localhost
START Player-0 persistent
START Player-1 260793376
1 1 TR BL 0
4 1 TL TR 1
3 3 TR BR 0
1 4 TR BL 1
1 2 TL BL 0
5 0 TR BR 1
4 1 TR BL 0
4 5 TL BR 1
4 0 BL BR 0
4 0 TR BL 1
4 0 TL TR 0
GAMEOVER WINNER 0
# Game ended: Thu Apr 11 06:09:30 ICT 2019
