# Server version 0.08 running on XPS15:8123
# Game ID: 209
# Board class: pentago_swap.PentagoBoard
# Timeout: 2000
# First Move Timeout: 30000
# Date: Thu Apr 11 07:14:48 ICT 2019
# Player 1: Player-0, '260793376', running on localhost
# Player 2: Player-1, 'persistent', running on localhost
START Player-0 260793376
START Player-1 persistent
1 1 TR BL 0
4 1 TL TR 1
5 0 BL BR 0
2 5 TL BR 1
2 4 TR BL 0
1 3 TR BR 1
1 0 TL BL 0
0 0 BL BR 1
2 0 TL BR 0
3 1 BL BR 1
4 0 TR BR 0
1 4 TL TR 1
0 3 TR BR 0
2 1 TL BR 1
0 1 TL BL 0
GAMEOVER WINNER 0
# Game ended: Thu Apr 11 07:15:57 ICT 2019
