# Server version 0.08 running on XPS15:8123
# Game ID: 91
# Board class: pentago_swap.PentagoBoard
# Timeout: 300000
# First Move Timeout: 30000
# Date: Wed Apr 10 10:06:07 ICT 2019
# Player 1: Player-0, '260793376', running on localhost
# Player 2: Player-1, 'RandomPlayer', running on localhost
START Player-0 260793376
START Player-1 RandomPlayer
2 1 TL BL 0
0 1 TR BR 1
3 1 TL TR 0
3 2 TL TR 1
4 1 TL BL 0
2 0 BL BR 1
4 1 TL BR 0
3 0 TL BL 1
0 1 TL TR 0
5 2 BL BR 1
2 4 TR BL 0
3 3 TL TR 1
GAMEOVER WINNER 0
# Game ended: Wed Apr 10 10:06:09 ICT 2019
