# Server version 0.08 running on XPS15:8123
# Game ID: 109
# Board class: pentago_swap.PentagoBoard
# Timeout: 2000
# First Move Timeout: 30000
# Date: Thu Apr 11 04:59:40 ICT 2019
# Player 1: Player-0, 'RandomPlayer', running on localhost
# Player 2: Player-1, '260793376', running on localhost
START Player-0 RandomPlayer
START Player-1 260793376
5 2 TR BR 0
5 1 TR BL 1
0 3 TL TR 0
5 3 TL BL 1
3 4 BL BR 0
2 1 TR BR 1
1 5 TL BL 0
1 3 TL BL 1
5 3 BL BR 0
5 4 TR BL 1
1 2 TL TR 0
1 3 TL BL 1
0 1 BL BR 0
3 2 TR BR 1
GAMEOVER WINNER 1
# Game ended: Thu Apr 11 05:00:15 ICT 2019
