# Server version 0.08 running on XPS15:8123
# Game ID: 339
# Board class: pentago_swap.PentagoBoard
# Timeout: 2000
# First Move Timeout: 30000
# Date: Fri Apr 12 07:56:56 ICT 2019
# Player 1: Player-0, 'Human', running on localhost
# Player 2: Player-1, '260793376', running on localhost
START Player-0 Human
START Player-1 260793376
4 1 BL BR 0
1 1 BL BR 1
4 2 BR BL 0
1 4 BL BR 1
4 0 BL BR 0
4 1 BL BR 1
2 3 BL TR 0
1 0 TL BL 1
4 2 TR BR 0
1 0 TL BR 1
4 5 BL BR 0
1 5 TL BR 1
1 3 TL BR 0
3 1 BL BR 1
0 4 TR BR 0
3 1 BL BR 1
5 4 BR BL 0
2 2 TR BL 1
GAMEOVER WINNER 1
# Game ended: Fri Apr 12 07:59:29 ICT 2019
