# Server version 0.08 running on XPS15:8123
# Game ID: 294
# Board class: pentago_swap.PentagoBoard
# Timeout: 2000
# First Move Timeout: 30000
# Date: Thu Apr 11 08:45:21 ICT 2019
# Player 1: Player-0, '260793376', running on localhost
# Player 2: Player-1, 'time', running on localhost
START Player-0 260793376
START Player-1 time
1 0 TL BR 0
1 1 TL BL 1
5 4 TL BL 0
4 2 TL BL 1
4 4 TR BL 0
4 1 TL BL 1
2 4 TL TR 0
3 4 TL BL 1
3 3 TR BL 0
4 5 BL BR 1
1 3 TL TR 0
5 3 TL BL 1
3 5 BL BR 0
GAMEOVER WINNER 0
# Game ended: Thu Apr 11 08:46:00 ICT 2019
