# Server version 0.08 running on XPS15:8123
# Game ID: 453
# Board class: pentago_swap.PentagoBoard
# Timeout: 2000
# First Move Timeout: 30000
# Date: Sat Apr 13 12:57:34 ICT 2019
# Player 1: Player-0, '260793376', running on localhost
# Player 2: Player-1, 'exploit', running on localhost
START Player-0 260793376
START Player-1 exploit
1 3 BL BR 0
3 4 BL BR 1
5 3 BL BR 0
1 0 TR BR 1
4 0 TL BR 0
3 0 TL BL 1
3 0 TL BL 0
2 0 TR BL 1
1 1 TR BL 0
2 4 TL BR 1
4 1 TL BL 0
4 2 TR BL 1
1 2 TL BL 0
GAMEOVER WINNER 0
# Game ended: Sat Apr 13 12:57:59 ICT 2019
