# Server version 0.08 running on XPS15:8123
# Game ID: 318
# Board class: pentago_swap.PentagoBoard
# Timeout: 2000
# First Move Timeout: 30000
# Date: Fri Apr 12 06:13:06 ICT 2019
# Player 1: Player-0, 'Human', running on localhost
# Player 2: Player-1, '260793376', running on localhost
START Player-0 Human
START Player-1 260793376
0 2 TL BL 0
2 0 TL TR 1
3 5 BR TR 0
1 4 TL TR 1
0 1 TL BR 0
4 2 BL BR 1
3 0 BL TR 0
4 1 BL BR 1
3 1 BL TL 0
GAMEOVER WINNER 0
# Game ended: Fri Apr 12 06:14:23 ICT 2019
