# Server version 0.08 running on XPS15:8123
# Game ID: 188
# Board class: pentago_swap.PentagoBoard
# Timeout: 2000
# First Move Timeout: 30000
# Date: Thu Apr 11 06:50:26 ICT 2019
# Player 1: Player-0, 'persistent', running on localhost
# Player 2: Player-1, '260793376', running on localhost
START Player-0 persistent
START Player-1 260793376
1 1 TR BL 0
4 1 TL TR 1
5 0 TR BR 0
4 0 TL TR 1
1 1 TL BL 0
1 3 TL TR 1
3 4 TL BR 0
5 1 TL BR 1
5 3 TL TR 0
1 4 TR BR 1
5 0 TR BR 0
1 2 BL BR 1
GAMEOVER WINNER 1
# Game ended: Thu Apr 11 06:51:32 ICT 2019
