# Server version 0.08 running on XPS15:8123
# Game ID: 353
# Board class: pentago_swap.PentagoBoard
# Timeout: 2000
# First Move Timeout: 30000
# Date: Sat Apr 13 07:03:15 ICT 2019
# Player 1: Player-0, '260793376', running on localhost
# Player 2: Player-1, 'Human', running on localhost
START Player-0 260793376
START Player-1 Human
1 0 TL BR 0
1 1 TL BR 1
1 1 TR BR 0
4 1 TL BR 1
5 3 TL BR 0
4 2 TL BR 1
1 0 TR BL 0
4 0 BR TL 1
1 3 TR BL 0
1 5 TL BL 1
GAMEOVER WINNER 1
# Game ended: Sat Apr 13 07:03:55 ICT 2019
