# Server version 0.08 running on XPS15:8123
# Game ID: 278
# Board class: pentago_swap.PentagoBoard
# Timeout: 2000
# First Move Timeout: 30000
# Date: Thu Apr 11 08:34:55 ICT 2019
# Player 1: Player-0, '260793376', running on localhost
# Player 2: Player-1, 'time', running on localhost
START Player-0 260793376
START Player-1 time
1 0 TL BR 0
1 1 TL BL 1
5 4 TL BL 0
2 2 TL BR 1
2 4 TL TR 0
4 1 TL BR 1
2 3 TL TR 0
3 0 TL TR 1
4 3 TR BL 0
2 5 TL TR 1
0 2 TL BL 0
GAMEOVER WINNER 0
# Game ended: Thu Apr 11 08:35:31 ICT 2019
