# Server version 0.08 running on XPS15:8123
# Game ID: 228
# Board class: pentago_swap.PentagoBoard
# Timeout: 2000
# First Move Timeout: 30000
# Date: Thu Apr 11 07:36:18 ICT 2019
# Player 1: Player-0, 'persistent', running on localhost
# Player 2: Player-1, '260793376', running on localhost
START Player-0 persistent
START Player-1 260793376
1 1 TR BR 0
4 1 TL TR 1
5 0 TR BR 0
4 0 TL TR 1
1 1 TL TR 0
3 0 TR BL 1
2 1 TL BR 0
0 4 TL TR 1
1 3 TR BR 0
4 5 TL TR 1
1 1 TL TR 0
0 4 TR BR 1
2 3 TL BR 0
3 5 TR BR 1
3 1 TL TR 0
0 3 BL BR 1
GAMEOVER WINNER 1
# Game ended: Thu Apr 11 07:37:28 ICT 2019
