# Server version 0.08 running on XPS15:8123
# Game ID: 429
# Board class: pentago_swap.PentagoBoard
# Timeout: 2000
# First Move Timeout: 30000
# Date: Sat Apr 13 12:47:15 ICT 2019
# Player 1: Player-0, 'explorer', running on localhost
# Player 2: Player-1, '260793376', running on localhost
START Player-0 explorer
START Player-1 260793376
0 2 TR BL 0
1 4 TL TR 1
1 5 TR BR 0
4 1 TL BR 1
4 0 TR BR 0
4 4 TL TR 1
2 1 TR BL 0
1 0 TR BL 1
4 2 TR BL 0
1 2 TR BR 1
1 5 TL TR 0
1 0 TL TR 1
GAMEOVER WINNER 1
# Game ended: Sat Apr 13 12:47:38 ICT 2019
