# Server version 0.08 running on XPS15:8123
# Game ID: 397
# Board class: pentago_swap.PentagoBoard
# Timeout: 2000
# First Move Timeout: 30000
# Date: Sat Apr 13 11:35:28 ICT 2019
# Player 1: Player-0, '260793376', running on localhost
# Player 2: Player-1, 'Human', running on localhost
START Player-0 260793376
START Player-1 Human
4 4 TR BL 0
1 1 TL BR 1
5 3 TL BR 0
1 4 TR BL 1
1 0 BL BR 0
2 2 BR TL 1
1 3 TL TR 0
3 3 BR BL 1
2 5 TL TR 0
0 0 TL BR 1
0 1 BL BR 0
3 1 TL BL 1
4 0 TL TR 0
5 1 BL BR 1
3 1 TL BR 0
5 5 TL BR 1
0 1 TL TR 0
GAMEOVER WINNER 0
# Game ended: Sat Apr 13 11:38:00 ICT 2019
