# Server version 0.08 running on XPS15:8123
# Game ID: 201
# Board class: pentago_swap.PentagoBoard
# Timeout: 2000
# First Move Timeout: 30000
# Date: Thu Apr 11 07:05:47 ICT 2019
# Player 1: Player-0, '260793376', running on localhost
# Player 2: Player-1, 'persistent', running on localhost
START Player-0 260793376
START Player-1 persistent
1 1 TR BR 0
4 1 TL TR 1
4 2 BL BR 0
1 2 TR BR 1
5 4 TL TR 0
1 4 TR BR 1
1 3 TR BR 0
0 5 BL BR 1
4 4 TR BL 0
1 0 TR BL 1
4 2 TL TR 0
4 3 BL BR 1
4 2 TR BL 0
1 0 TR BR 1
0 0 TL BR 0
GAMEOVER WINNER 0
# Game ended: Thu Apr 11 07:06:57 ICT 2019
