# Server version 0.08 running on XPS15:8123
# Game ID: 215
# Board class: pentago_swap.PentagoBoard
# Timeout: 2000
# First Move Timeout: 30000
# Date: Thu Apr 11 07:21:45 ICT 2019
# Player 1: Player-0, '260793376', running on localhost
# Player 2: Player-1, 'persistent', running on localhost
START Player-0 260793376
START Player-1 persistent
1 1 TR BL 0
4 1 TL TR 1
5 0 BL BR 0
1 2 TR BR 1
1 1 TR BR 0
4 5 TR BL 1
5 0 TL BL 0
0 2 TR BL 1
3 3 BL BR 0
1 2 TR BR 1
4 0 BL BR 0
5 5 TL BL 1
4 0 TR BL 0
GAMEOVER WINNER 0
# Game ended: Thu Apr 11 07:22:53 ICT 2019
