# Server version 0.08 running on XPS15:8123
# Game ID: 447
# Board class: pentago_swap.PentagoBoard
# Timeout: 2000
# First Move Timeout: 30000
# Date: Sat Apr 13 12:55:00 ICT 2019
# Player 1: Player-0, '260793376', running on localhost
# Player 2: Player-1, 'exploit', running on localhost
START Player-0 260793376
START Player-1 exploit
1 1 TR BL 0
4 1 TL BL 1
2 1 BL BR 0
4 1 TL BL 1
0 1 TR BL 0
1 3 TR BL 1
5 4 TL BL 0
1 2 TR BL 1
5 1 TR BL 0
4 0 TR BL 1
GAMEOVER WINNER 1
# Game ended: Sat Apr 13 12:55:19 ICT 2019
