# Server version 0.08 running on XPS15:8123
# Game ID: 499
# Board class: pentago_swap.PentagoBoard
# Timeout: 2000
# First Move Timeout: 30000
# Date: Sat Apr 13 13:14:59 ICT 2019
# Player 1: Player-0, '260793376', running on localhost
# Player 2: Player-1, 'exploit', running on localhost
START Player-0 260793376
START Player-1 exploit
1 3 BL BR 0
3 4 BL BR 1
5 3 BL BR 0
1 0 TR BR 1
4 0 TL TR 0
3 3 TL BR 1
3 0 TR BR 0
2 0 TL BR 1
1 3 TR BR 0
4 2 TR BR 1
2 3 TL TR 0
GAMEOVER WINNER 0
# Game ended: Sat Apr 13 13:15:20 ICT 2019
