# Server version 0.08 running on XPS15:8123
# Game ID: 349
# Board class: pentago_swap.PentagoBoard
# Timeout: 2000
# First Move Timeout: 30000
# Date: Sat Apr 13 06:59:18 ICT 2019
# Player 1: Player-0, 'Human', running on localhost
# Player 2: Player-1, '260793376', running on localhost
START Player-0 Human
START Player-1 260793376
1 1 TL BR 0
0 0 TL BL 1
1 4 TR TL 0
4 0 BL BR 1
1 2 BR TR 0
1 0 TL BL 1
1 0 TR BR 0
5 3 TL TR 1
1 5 BL TL 0
GAMEOVER WINNER 0
# Game ended: Sat Apr 13 06:59:59 ICT 2019
