# Server version 0.08 running on XPS15:8123
# Game ID: 363
# Board class: pentago_swap.PentagoBoard
# Timeout: 2000
# First Move Timeout: 30000
# Date: Sat Apr 13 07:16:36 ICT 2019
# Player 1: Player-0, '260793376', running on localhost
# Player 2: Player-1, 'RandomPlayer', running on localhost
START Player-0 260793376
START Player-1 RandomPlayer
4 2 TL BL 0
0 1 TR BR 1
2 2 TR BL 0
3 3 TL TR 1
2 3 TR BR 0
1 4 BL BR 1
1 5 TL TR 0
3 3 TL BL 1
0 2 TL TR 0
5 4 BL BR 1
3 5 TL BL 0
GAMEOVER WINNER 0
# Game ended: Sat Apr 13 07:16:48 ICT 2019
