# Server version 0.08 running on XPS15:8123
# Game ID: 60
# Board class: pentago_swap.PentagoBoard
# Timeout: 2000
# First Move Timeout: 30000
# Date: Wed Apr 10 06:57:28 ICT 2019
# Player 1: Player-0, '260793376', running on localhost
# Player 2: Player-1, 'RandomPlayer', running on localhost
START Player-0 260793376
START Player-1 RandomPlayer
0 2 TR BL 0
0 1 TR BR 1
1 0 TL BR 0
3 0 TL TR 1
0 4 TL TR 0
1 4 BL BR 1
2 1 TL BL 0
3 5 TL BL 1
1 0 TL BR 0
5 3 BL BR 1
1 0 TL BR 0
3 0 TL TR 1
1 0 TL BR 0
1 4 BL BR 1
2 1 TL BL 0
5 0 TR BR 1
GAMEOVER ILLEGAL MOVE: Player 0, Move: (1, 0), Swap: (TL, BR) WINNER 1
# Game ended: Wed Apr 10 06:57:30 ICT 2019
