# Server version 0.08 running on XPS15:8123
# Game ID: 78
# Board class: pentago_swap.PentagoBoard
# Timeout: 300000
# First Move Timeout: 30000
# Date: Wed Apr 10 09:48:17 ICT 2019
# Player 1: Player-0, '260793376', running on localhost
# Player 2: Player-1, 'RandomPlayer', running on localhost
START Player-0 260793376
START Player-1 RandomPlayer
0 2 TR BL 0
0 1 TR BR 1
3 3 TL BR 0
3 1 TL TR 1
5 3 TL BR 0
2 1 BL BR 1
2 5 BL BR 0
4 0 TL BL 1
3 3 TR BL 0
5 4 BL BR 1
2 1 TL BL 0
3 4 TL TR 1
3 2 TR BR 0
1 2 BL BR 1
5 0 TL BR 0
4 4 TR BR 1
4 0 TR BL 0
1 4 TL BR 1
5 5 TL BR 0
4 3 TR BR 1
4 0 BL BR 0
2 3 TL TR 1
2 1 TL BR 0
GAMEOVER WINNER 0
# Game ended: Wed Apr 10 09:48:26 ICT 2019
