# Server version 0.08 running on XPS15:8123
# Game ID: 330
# Board class: pentago_swap.PentagoBoard
# Timeout: 2000
# First Move Timeout: 30000
# Date: Fri Apr 12 07:42:01 ICT 2019
# Player 1: Player-0, '260793376', running on localhost
# Player 2: Player-1, 'Human', running on localhost
START Player-0 260793376
START Player-1 Human
4 2 TL TR 0
5 2 TL BL 1
1 5 TR BR 0
4 4 BR TL 1
5 4 TL TR 0
3 5 BR TL 1
2 4 TL BR 0
3 3 BR TL 1
3 3 TL BL 0
GAMEOVER WINNER 0
# Game ended: Fri Apr 12 07:43:22 ICT 2019
