# Server version 0.08 running on XPS15:8123
# Game ID: 435
# Board class: pentago_swap.PentagoBoard
# Timeout: 2000
# First Move Timeout: 30000
# Date: Sat Apr 13 12:49:22 ICT 2019
# Player 1: Player-0, '260793376', running on localhost
# Player 2: Player-1, 'exploit', running on localhost
START Player-0 260793376
START Player-1 exploit
1 1 BL BR 0
4 1 TL BL 1
4 4 TL BR 0
4 0 BL BR 1
1 4 TR BR 0
4 2 TR BL 1
0 2 BL BR 0
5 3 TL BL 1
0 2 TL BL 0
2 1 TL BL 1
2 0 TL TR 0
GAMEOVER WINNER 0
# Game ended: Sat Apr 13 12:49:43 ICT 2019
