# Server version 0.08 running on XPS15:8123
# Game ID: 369
# Board class: pentago_swap.PentagoBoard
# Timeout: 2000
# First Move Timeout: 30000
# Date: Sat Apr 13 07:24:18 ICT 2019
# Player 1: Player-0, '260793376', running on localhost
# Player 2: Player-1, 'Human', running on localhost
START Player-0 260793376
START Player-1 Human
1 0 TL BR 0
1 1 TL BR 1
2 0 TL BR 0
1 4 TR BR 1
5 1 TL TR 0
1 5 TR TL 1
1 0 TR BR 0
1 5 TR BR 1
4 3 TL BL 0
3 3 TR BL 1
2 3 TR BR 0
3 3 BL BR 1
3 3 TR BL 0
GAMEOVER WINNER 0
# Game ended: Sat Apr 13 07:25:15 ICT 2019
