# Server version 0.08 running on XPS15:8123
# Game ID: 389
# Board class: pentago_swap.PentagoBoard
# Timeout: 2000
# First Move Timeout: 30000
# Date: Sat Apr 13 11:26:35 ICT 2019
# Player 1: Player-0, '260793376', running on localhost
# Player 2: Player-1, 'Human', running on localhost
START Player-0 260793376
START Player-1 Human
1 1 TR BL 0
4 4 TL BR 1
0 3 TL BR 0
4 1 BL TL 1
0 0 TL TR 0
4 5 BR BL 1
0 1 TL TR 0
1 2 TL TR 1
0 2 TL TR 0
4 0 BL TR 1
GAMEOVER WINNER 1
# Game ended: Sat Apr 13 11:27:02 ICT 2019
