# Server version 0.08 running on XPS15:8123
# Game ID: 442
# Board class: pentago_swap.PentagoBoard
# Timeout: 2000
# First Move Timeout: 30000
# Date: Sat Apr 13 12:52:30 ICT 2019
# Player 1: Player-0, 'exploit', running on localhost
# Player 2: Player-1, '260793376', running on localhost
START Player-0 exploit
START Player-1 260793376
4 0 BL BR 0
0 3 TL BR 1
2 5 BL BR 0
4 3 TL BL 1
4 5 TR BR 0
3 4 TR BL 1
1 5 TL BR 0
0 2 BL BR 1
1 4 TR BR 0
1 4 BL BR 1
4 4 TL TR 0
3 4 TL BL 1
4 3 TL BL 0
GAMEOVER WINNER 0
# Game ended: Sat Apr 13 12:52:55 ICT 2019
