# Server version 0.08 running on XPS15:8123
# Game ID: 383
# Board class: pentago_swap.PentagoBoard
# Timeout: 2000
# First Move Timeout: 30000
# Date: Sat Apr 13 11:14:55 ICT 2019
# Player 1: Player-0, 'Human', running on localhost
# Player 2: Player-1, '260793376', running on localhost
START Player-0 Human
START Player-1 260793376
0 2 TL TR 0
1 0 BL BR 1
3 2 BL BR 0
0 0 TL BL 1
0 4 BL TR 0
1 5 TL BL 1
0 0 TL TR 0
5 0 TL BR 1
0 1 BL BR 0
GAMEOVER WINNER 0
# Game ended: Sat Apr 13 11:15:22 ICT 2019
