# Server version 0.08 running on XPS15:8123
# Game ID: 481
# Board class: pentago_swap.PentagoBoard
# Timeout: 2000
# First Move Timeout: 30000
# Date: Sat Apr 13 13:08:30 ICT 2019
# Player 1: Player-0, '260793376', running on localhost
# Player 2: Player-1, 'exploit', running on localhost
START Player-0 260793376
START Player-1 exploit
4 2 TL BL 0
3 1 TL TR 1
2 2 BL BR 0
1 4 TL TR 1
2 3 TR BL 0
4 4 TL TR 1
5 1 BL BR 0
2 4 TR BL 1
2 1 TL BR 0
5 5 TL TR 1
5 3 TR BL 0
GAMEOVER WINNER 0
# Game ended: Sat Apr 13 13:08:51 ICT 2019
