# Server version 0.08 running on XPS15:8123
# Game ID: 666
# Board class: pentago_swap.PentagoBoard
# Timeout: 2000
# First Move Timeout: 30000
# Date: Sat Apr 13 15:19:45 ICT 2019
# Player 1: Player-0, 'persistent', running on localhost
# Player 2: Player-1, '260793376', running on localhost
START Player-0 persistent
START Player-1 260793376
5 2 TR BR 0
2 4 TL BL 1
0 3 TL TR 0
4 1 TR BR 1
3 5 BL BR 0
1 1 TL BR 1
1 5 TL BL 0
5 1 TL BR 1
5 2 BL BR 0
3 4 TL TR 1
GAMEOVER WINNER 1
# Game ended: Sat Apr 13 15:20:32 ICT 2019
