# Server version 0.08 running on XPS15:8123
# Game ID: 402
# Board class: pentago_swap.PentagoBoard
# Timeout: 2000
# First Move Timeout: 30000
# Date: Sat Apr 13 11:44:30 ICT 2019
# Player 1: Player-0, '260793376', running on localhost
# Player 2: Player-1, '260793376', running on localhost
START Player-0 260793376
START Player-1 260793376
4 4 TL TR 0
3 0 TL BR 1
0 5 TR BL 0
4 1 TL BR 1
0 5 TL TR 0
1 1 TL BL 1
2 0 TR BR 0
5 2 TR BL 1
4 5 TR BL 0
2 2 BL BR 1
GAMEOVER WINNER 1
# Game ended: Sat Apr 13 11:44:49 ICT 2019
