# Server version 0.08 running on XPS15:8123
# Game ID: 493
# Board class: pentago_swap.PentagoBoard
# Timeout: 2000
# First Move Timeout: 30000
# Date: Sat Apr 13 13:12:47 ICT 2019
# Player 1: Player-0, '260793376', running on localhost
# Player 2: Player-1, 'exploit', running on localhost
START Player-0 260793376
START Player-1 exploit
1 3 BL BR 0
3 4 BL BR 1
5 3 BL BR 0
1 0 TR BR 1
4 0 TL BR 0
4 4 TL TR 1
2 3 TL TR 0
2 4 TL BR 1
3 0 TL BR 0
GAMEOVER WINNER 0
# Game ended: Sat Apr 13 13:13:04 ICT 2019
