# Server version 0.08 running on XPS15:8123
# Game ID: 99
# Board class: pentago_swap.PentagoBoard
# Timeout: 2000
# First Move Timeout: 30000
# Date: Thu Apr 11 04:42:52 ICT 2019
# Player 1: Player-0, '260793376', running on localhost
# Player 2: Player-1, 'RandomPlayer', running on localhost
START Player-0 260793376
START Player-1 RandomPlayer
1 1 TR BL 0
0 1 TR BR 1
1 2 TR BL 0
3 3 TL TR 1
1 3 TR BR 0
1 4 BL BR 1
4 4 TL BR 0
3 3 TL BL 1
5 5 TL TR 0
5 3 BL BR 1
2 3 BL BR 0
3 4 TL TR 1
2 5 TL BL 0
0 5 BL BR 1
1 2 BL BR 0
5 1 TR BR 1
2 2 TL BL 0
1 5 TL BR 1
GAMEOVER WINNER 0
# Game ended: Thu Apr 11 04:43:10 ICT 2019
