# Server version 0.08 running on XPS15:8123
# Game ID: 364
# Board class: pentago_swap.PentagoBoard
# Timeout: 2000
# First Move Timeout: 30000
# Date: Sat Apr 13 07:16:55 ICT 2019
# Player 1: Player-0, 'RandomPlayer', running on localhost
# Player 2: Player-1, '260793376', running on localhost
START Player-0 RandomPlayer
START Player-1 260793376
5 2 TR BR 0
2 3 BL BR 1
0 3 TL TR 0
1 4 TR BL 1
3 5 BL BR 0
1 5 TL BL 1
2 0 TL BL 0
4 5 TR BL 1
5 3 BL BR 0
4 0 TR BL 1
2 1 TL TR 0
4 4 TL BL 1
0 0 BL BR 0
GAMEOVER WINNER 1
# Game ended: Sat Apr 13 07:17:07 ICT 2019
