# Server version 0.08 running on XPS15:8123
# Game ID: 179
# Board class: pentago_swap.PentagoBoard
# Timeout: 2000
# First Move Timeout: 30000
# Date: Thu Apr 11 06:40:13 ICT 2019
# Player 1: Player-0, '260793376', running on localhost
# Player 2: Player-1, 'persistent', running on localhost
START Player-0 260793376
START Player-1 persistent
1 1 TR BL 0
4 1 TL TR 1
5 0 BL BR 0
2 5 TL BR 1
2 4 TR BL 0
1 3 BL BR 1
2 4 TL TR 0
1 3 BL BR 1
1 1 TL TR 0
0 1 TL BL 1
0 1 TL BR 0
GAMEOVER WINNER 0
# Game ended: Thu Apr 11 06:41:18 ICT 2019
