# Server version 0.08 running on XPS15:8123
# Game ID: 246
# Board class: pentago_swap.PentagoBoard
# Timeout: 2000
# First Move Timeout: 30000
# Date: Thu Apr 11 07:56:57 ICT 2019
# Player 1: Player-0, 'persistent', running on localhost
# Player 2: Player-1, '260793376', running on localhost
START Player-0 persistent
START Player-1 260793376
1 1 TR BL 0
4 1 TL TR 1
5 0 TR BR 0
4 0 TL TR 1
1 1 TL TR 0
3 0 TR BL 1
0 0 TL BR 0
4 5 TL BL 1
2 0 TL BR 0
1 1 TR BR 1
1 0 TL BR 0
1 2 TL TR 1
5 0 TR BR 0
0 0 TR BL 1
GAMEOVER WINNER 1
# Game ended: Thu Apr 11 07:58:05 ICT 2019
