# Server version 0.08 running on XPS15:8123
# Game ID: 350
# Board class: pentago_swap.PentagoBoard
# Timeout: 2000
# First Move Timeout: 30000
# Date: Sat Apr 13 07:00:15 ICT 2019
# Player 1: Player-0, 'Human', running on localhost
# Player 2: Player-1, '260793376', running on localhost
START Player-0 Human
START Player-1 260793376
1 1 TL BR 0
0 0 TL BL 1
1 4 TR TL 0
4 0 BL BR 1
4 2 BR TR 0
4 3 TL BL 1
4 0 TR BR 0
5 3 TR BR 1
4 2 BL TR 0
GAMEOVER WINNER 0
# Game ended: Sat Apr 13 07:00:42 ICT 2019
