# Server version 0.08 running on XPS15:8123
# Game ID: 340
# Board class: pentago_swap.PentagoBoard
# Timeout: 2000
# First Move Timeout: 30000
# Date: Fri Apr 12 08:00:07 ICT 2019
# Player 1: Player-0, 'Human', running on localhost
# Player 2: Player-1, '260793376', running on localhost
START Player-0 Human
START Player-1 260793376
1 1 TL BL 0
0 3 TL BR 1
1 4 TR BR 0
4 3 TR BL 1
2 4 TR TL 0
0 3 BL BR 1
0 1 TR BL 0
2 3 TL BL 1
2 4 TR TL 0
GAMEOVER WINNER 0
# Game ended: Fri Apr 12 08:00:31 ICT 2019
