# Server version 0.08 running on XPS15:8123
# Game ID: 270
# Board class: pentago_swap.PentagoBoard
# Timeout: 2000
# First Move Timeout: 30000
# Date: Thu Apr 11 08:20:47 ICT 2019
# Player 1: Player-0, '260793376', running on localhost
# Player 2: Player-1, 'time', running on localhost
START Player-0 260793376
START Player-1 time
5 2 TR BR 0
5 3 BL BR 1
0 3 TL TR 0
2 4 TR BL 1
3 5 BL BR 0
3 3 BL BR 1
1 5 TL BL 0
4 5 TL BR 1
5 2 BL BR 0
2 4 BL BR 1
1 4 TL TR 0
2 2 TR BR 1
0 0 BL BR 0
2 3 BL BR 1
GAMEOVER WINNER 1
# Game ended: Thu Apr 11 08:21:23 ICT 2019
