# Server version 0.08 running on XPS15:8123
# Game ID: 316
# Board class: pentago_swap.PentagoBoard
# Timeout: 2000
# First Move Timeout: 30000
# Date: Fri Apr 12 06:07:38 ICT 2019
# Player 1: Player-0, '260793376', running on localhost
# Player 2: Player-1, 'Human', running on localhost
START Player-0 260793376
START Player-1 Human
1 1 TR BL 0
3 4 BR TL 1
1 0 TL TR 0
3 2 BL TL 1
2 4 TL BR 0
1 2 TL BL 1
2 2 TL BL 0
3 4 BR TL 1
3 4 TL BR 0
0 3 TL BL 1
3 3 TL TR 0
0 2 TL BR 1
0 3 TL TR 0
0 2 TL BL 1
4 4 TR BR 0
3 1 BL TL 1
GAMEOVER WINNER 1
# Game ended: Fri Apr 12 06:09:46 ICT 2019
