# Server version 0.08 running on XPS15:8123
# Game ID: 143
# Board class: pentago_swap.PentagoBoard
# Timeout: 2000
# First Move Timeout: 30000
# Date: Thu Apr 11 05:56:33 ICT 2019
# Player 1: Player-0, 'persistent', running on localhost
# Player 2: Player-1, '260793376', running on localhost
START Player-0 persistent
START Player-1 260793376
1 1 TR BL 0
4 1 TL TR 1
3 3 TR BR 0
4 5 TL TR 1
1 4 TR BR 0
4 0 TR BL 1
1 1 BL BR 0
5 2 TR BL 1
1 0 TL BL 0
3 5 TL BR 1
1 5 TR BR 0
4 2 TR BR 1
1 3 TR BR 0
0 0 TL TR 1
0 0 BL BR 0
GAMEOVER WINNER 0
# Game ended: Thu Apr 11 05:57:46 ICT 2019
