# Server version 0.08 running on XPS15:8123
# Game ID: 127
# Board class: pentago_swap.PentagoBoard
# Timeout: 2000
# First Move Timeout: 30000
# Date: Thu Apr 11 05:15:55 ICT 2019
# Player 1: Player-0, 'RandomPlayer', running on localhost
# Player 2: Player-1, '260793376', running on localhost
START Player-0 RandomPlayer
START Player-1 260793376
5 2 TR BR 0
5 1 TR BL 1
0 3 TL TR 0
4 1 BL BR 1
4 0 BL BR 0
1 1 TL BR 1
1 5 TL BL 0
3 4 TL BR 1
5 3 BL BR 0
3 1 TR BR 1
GAMEOVER WINNER 1
# Game ended: Thu Apr 11 05:16:27 ICT 2019
