# Server version 0.08 running on XPS15:8123
# Game ID: 377
# Board class: pentago_swap.PentagoBoard
# Timeout: 2000
# First Move Timeout: 30000
# Date: Sat Apr 13 11:08:01 ICT 2019
# Player 1: Player-0, '260793376', running on localhost
# Player 2: Player-1, 'RandomPlayer', running on localhost
START Player-0 260793376
START Player-1 RandomPlayer
3 0 BL BR 0
0 1 TR BR 1
4 0 BL BR 0
3 2 TL TR 1
2 2 BL BR 0
1 5 BL BR 1
2 0 TR BR 0
3 5 TL BL 1
1 4 TR BR 0
5 4 BL BR 1
5 4 TL TR 0
3 0 TL TR 1
3 5 BL BR 0
1 1 BL BR 1
1 0 TR BR 0
5 3 TR BR 1
3 4 TL BR 0
1 4 TL BR 1
0 0 TL BL 0
GAMEOVER WINNER 1
# Game ended: Sat Apr 13 11:08:20 ICT 2019
