# Server version 0.08 running on XPS15:8123
# Game ID: 426
# Board class: pentago_swap.PentagoBoard
# Timeout: 2000
# First Move Timeout: 30000
# Date: Sat Apr 13 12:40:16 ICT 2019
# Player 1: Player-0, 'Human', running on localhost
# Player 2: Player-1, '260793376', running on localhost
START Player-0 Human
START Player-1 260793376
1 1 TL BR 0
1 1 BL BR 1
4 4 BL TL 0
5 4 BL BR 1
4 2 BL BR 0
4 3 BL BR 1
1 0 BR TL 0
4 5 TL BL 1
3 2 BL TR 0
5 1 TR BR 1
2 4 BL TR 0
3 2 TL BL 1
GAMEOVER USER CANCEL UNDECIDED
# Game ended: Sat Apr 13 12:41:26 ICT 2019
