# Server version 0.08 running on XPS15:8123
# Game ID: 325
# Board class: pentago_swap.PentagoBoard
# Timeout: 2000
# First Move Timeout: 30000
# Date: Fri Apr 12 07:34:29 ICT 2019
# Player 1: Player-0, '260793376', running on localhost
# Player 2: Player-1, 'RandomPlayer', running on localhost
START Player-0 260793376
START Player-1 RandomPlayer
1 1 TR BL 0
0 1 TR BR 1
1 4 BL BR 0
3 3 TL TR 1
4 1 TR BR 0
1 5 BL BR 1
2 2 TR BL 0
3 4 TL BL 1
3 3 TR BL 0
5 4 BL BR 1
0 3 TL TR 0
3 3 TL TR 1
5 2 TL BL 0
1 2 BL BR 1
0 2 TR BR 0
GAMEOVER WINNER 0
# Game ended: Fri Apr 12 07:35:07 ICT 2019
