# Server version 0.08 running on XPS15:8123
# Game ID: 113
# Board class: pentago_swap.PentagoBoard
# Timeout: 2000
# First Move Timeout: 30000
# Date: Thu Apr 11 05:41:28 ICT 2019
# Player 1: Player-0, '260793376', running on localhost
# Player 2: Player-1, 'persistent', running on localhost
START Player-0 260793376
START Player-1 persistent
1 0 TL BR 0
4 4 TR BR 1
2 1 TL BR 0
2 4 TL TR 1
0 0 TR BL 0
4 2 TL TR 1
2 3 TR BR 0
1 1 TL BR 1
4 3 BL BR 0
0 1 BL BR 1
3 3 TL TR 0
GAMEOVER WINNER 0
# Game ended: Thu Apr 11 05:41:33 ICT 2019
