# Server version 0.08 running on XPS15:8123
# Game ID: 572
# Board class: pentago_swap.PentagoBoard
# Timeout: 2000
# First Move Timeout: 30000
# Date: Sat Apr 13 14:36:51 ICT 2019
# Player 1: Player-0, '260793376', running on localhost
# Player 2: Player-1, 'persistent', running on localhost
START Player-0 260793376
START Player-1 persistent
4 1 BL BR 0
3 0 TL BR 1
4 4 BL BR 0
4 3 TL TR 1
4 0 TL BR 0
1 3 TL BR 1
1 1 TR BR 0
2 3 TR BL 1
1 5 TL BR 0
0 0 TL BL 1
GAMEOVER WINNER 1
# Game ended: Sat Apr 13 14:37:10 ICT 2019
