# Server version 0.08 running on XPS15:8123
# Game ID: 512
# Board class: pentago_swap.PentagoBoard
# Timeout: 2000
# First Move Timeout: 30000
# Date: Sat Apr 13 13:19:42 ICT 2019
# Player 1: Player-0, 'exploit', running on localhost
# Player 2: Player-1, '260793376', running on localhost
START Player-0 exploit
START Player-1 260793376
0 2 TR BR 0
4 3 TL BR 1
1 4 TR BL 0
4 3 BL BR 1
4 1 TR BL 0
2 3 TL BL 1
0 3 TL TR 0
3 0 TL BL 1
2 0 BL BR 0
0 1 TR BL 1
5 5 TR BR 0
5 5 TL BR 1
0 4 TR BR 0
3 1 TL BL 1
3 1 TL BR 0
4 5 TL BL 1
0 0 TL BR 0
GAMEOVER WINNER 0
# Game ended: Sat Apr 13 13:20:15 ICT 2019
