# Server version 0.08 running on XPS15:8123
# Game ID: 281
# Board class: pentago_swap.PentagoBoard
# Timeout: 2000
# First Move Timeout: 30000
# Date: Thu Apr 11 08:36:48 ICT 2019
# Player 1: Player-0, 'time', running on localhost
# Player 2: Player-1, '260793376', running on localhost
START Player-0 time
START Player-1 260793376
1 1 TR BL 0
0 4 TL BL 1
2 5 TL TR 0
1 1 TL BL 1
4 3 BL BR 0
3 1 TL BL 1
1 1 TL BL 0
1 4 TR BR 1
1 0 BL BR 0
3 5 TL BL 1
4 2 TL TR 0
GAMEOVER WINNER 0
# Game ended: Thu Apr 11 08:37:25 ICT 2019
