# Server version 0.08 running on XPS15:8123
# Game ID: 182
# Board class: pentago_swap.PentagoBoard
# Timeout: 2000
# First Move Timeout: 30000
# Date: Thu Apr 11 06:43:32 ICT 2019
# Player 1: Player-0, 'persistent', running on localhost
# Player 2: Player-1, '260793376', running on localhost
START Player-0 persistent
START Player-1 260793376
1 1 TR BL 0
4 1 TL TR 1
5 1 TR BR 0
4 0 TL TR 1
1 4 TR BR 0
1 1 TR BL 1
2 1 TR BL 0
4 2 TR BR 1
2 3 TL BL 0
4 0 TR BL 1
GAMEOVER WINNER 1
# Game ended: Thu Apr 11 06:44:35 ICT 2019
