# Server version 0.08 running on XPS15:8123
# Game ID: 409
# Board class: pentago_swap.PentagoBoard
# Timeout: 2000
# First Move Timeout: 30000
# Date: Sat Apr 13 11:55:16 ICT 2019
# Player 1: Player-0, '260793376', running on localhost
# Player 2: Player-1, 'Human', running on localhost
START Player-0 260793376
START Player-1 Human
1 1 TR BL 0
4 4 BR BL 1
1 2 TR BR 0
4 4 BL TL 1
1 4 TR BR 0
4 0 BL BR 1
4 0 TL BL 0
3 1 TR BL 1
1 2 TL TR 0
2 1 TR TL 1
5 1 TR BL 0
0 4 TR BL 1
3 3 TR BL 0
5 5 TR TL 1
0 0 TL BR 0
GAMEOVER WINNER 0
# Game ended: Sat Apr 13 11:57:32 ICT 2019
