# Server version 0.08 running on XPS15:8123
# Game ID: 517
# Board class: pentago_swap.PentagoBoard
# Timeout: 2000
# First Move Timeout: 30000
# Date: Sat Apr 13 13:21:51 ICT 2019
# Player 1: Player-0, '260793376', running on localhost
# Player 2: Player-1, 'exploit', running on localhost
START Player-0 260793376
START Player-1 exploit
4 1 BL BR 0
1 1 BL BR 1
2 1 BL BR 0
4 1 TL BL 1
5 4 TR BL 0
1 5 BL BR 1
5 0 BL BR 0
1 3 TL BL 1
4 0 TR BR 0
4 2 TL TR 1
GAMEOVER WINNER 1
# Game ended: Sat Apr 13 13:22:10 ICT 2019
