# Server version 0.08 running on XPS15:8123
# Game ID: 431
# Board class: pentago_swap.PentagoBoard
# Timeout: 2000
# First Move Timeout: 30000
# Date: Sat Apr 13 12:48:04 ICT 2019
# Player 1: Player-0, '260793376', running on localhost
# Player 2: Player-1, 'exploit', running on localhost
START Player-0 260793376
START Player-1 exploit
4 4 TR BL 0
1 1 BL BR 1
4 4 TL BR 0
4 0 BL BR 1
1 4 TR BR 0
0 3 TL TR 1
3 4 TR BR 0
5 4 TR BR 1
5 4 TL BR 0
4 0 TL BR 1
0 4 TR BR 0
GAMEOVER WINNER 0
# Game ended: Sat Apr 13 12:48:25 ICT 2019
