# Server version 0.08 running on XPS15:8123
# Game ID: 537
# Board class: pentago_swap.PentagoBoard
# Timeout: 2000
# First Move Timeout: 30000
# Date: Sat Apr 13 14:22:45 ICT 2019
# Player 1: Player-0, '260793376', running on localhost
# Player 2: Player-1, 'persistent', running on localhost
START Player-0 260793376
START Player-1 persistent
1 3 BL BR 0
0 0 TL TR 1
5 1 TR BR 0
1 3 TR BR 1
5 0 TL BR 0
4 0 TR BR 1
5 2 TR BR 0
1 1 TL BL 1
0 4 BL BR 0
3 3 TR BR 1
2 4 TL TR 0
2 0 TL TR 1
2 5 TL TR 0
GAMEOVER WINNER 0
# Game ended: Sat Apr 13 14:23:34 ICT 2019
