# Server version 0.08 running on XPS15:8123
# Game ID: 395
# Board class: pentago_swap.PentagoBoard
# Timeout: 2000
# First Move Timeout: 30000
# Date: Sat Apr 13 11:32:49 ICT 2019
# Player 1: Player-0, '260793376', running on localhost
# Player 2: Player-1, 'Human', running on localhost
START Player-0 260793376
START Player-1 Human
1 3 TL BL 0
4 1 BL BR 1
2 4 TL TR 0
1 4 TR TL 1
1 0 TR BR 0
2 1 TL BL 1
3 1 BL BR 0
2 4 TR TL 1
2 3 TR BR 0
0 1 TL BR 1
GAMEOVER WINNER 1
# Game ended: Sat Apr 13 11:33:42 ICT 2019
