# Server version 0.08 running on XPS15:8123
# Game ID: 341
# Board class: pentago_swap.PentagoBoard
# Timeout: 2000
# First Move Timeout: 30000
# Date: Fri Apr 12 08:00:54 ICT 2019
# Player 1: Player-0, '260793376', running on localhost
# Player 2: Player-1, 'Human', running on localhost
START Player-0 260793376
START Player-1 Human
4 3 TL TR 0
1 1 TL BL 1
5 3 TL BL 0
3 3 BR BL 1
5 1 TL TR 0
5 2 BR TR 1
1 0 BL BR 0
2 1 TL TR 1
4 4 TR BL 0
4 2 BL TL 1
0 1 BL BR 0
1 5 TR BL 1
1 1 BL BR 0
5 4 BR TR 1
4 5 TL BR 0
5 5 BR BL 1
0 1 TR BL 0
GAMEOVER WINNER 0
# Game ended: Fri Apr 12 08:02:12 ICT 2019
