# Server version 0.08 running on XPS15:8123
# Game ID: 323
# Board class: pentago_swap.PentagoBoard
# Timeout: 2000
# First Move Timeout: 30000
# Date: Fri Apr 12 06:27:09 ICT 2019
# Player 1: Player-0, '260793376', running on localhost
# Player 2: Player-1, 'RandomPlayer', running on localhost
START Player-0 260793376
START Player-1 RandomPlayer
1 1 TR BL 0
0 1 TR BR 1
2 2 TL BL 0
3 0 TL TR 1
4 0 BL BR 0
1 3 BL BR 1
4 2 TR BR 0
2 5 TL BL 1
4 1 BL BR 0
5 4 BL BR 1
4 0 TR BL 0
GAMEOVER WINNER 0
# Game ended: Fri Apr 12 06:27:44 ICT 2019
