# Server version 0.08 running on XPS15:8123
# Game ID: 565
# Board class: pentago_swap.PentagoBoard
# Timeout: 2000
# First Move Timeout: 30000
# Date: Sat Apr 13 14:34:25 ICT 2019
# Player 1: Player-0, 'persistent', running on localhost
# Player 2: Player-1, '260793376', running on localhost
START Player-0 persistent
START Player-1 260793376
1 1 TR BL 0
0 4 TL TR 1
5 2 TR BR 0
4 0 TR BR 1
4 1 TR BL 0
0 0 BL BR 1
5 5 TL TR 0
0 0 TR BR 1
0 3 TR BR 0
GAMEOVER WINNER 0
# Game ended: Sat Apr 13 14:34:42 ICT 2019
