# Server version 0.08 running on XPS15:8123
# Game ID: 525
# Board class: pentago_swap.PentagoBoard
# Timeout: 2000
# First Move Timeout: 30000
# Date: Sat Apr 13 13:24:39 ICT 2019
# Player 1: Player-0, '260793376', running on localhost
# Player 2: Player-1, 'exploit', running on localhost
START Player-0 260793376
START Player-1 exploit
4 4 TL TR 0
1 1 BL BR 1
2 1 BL BR 0
4 1 TL BL 1
5 0 TL BR 0
4 2 TL BR 1
2 4 BL BR 0
4 3 BL BR 1
5 2 TL BR 0
4 3 TL TR 1
GAMEOVER WINNER 1
# Game ended: Sat Apr 13 13:24:58 ICT 2019
