# Server version 0.08 running on XPS15:8123
# Game ID: 360
# Board class: pentago_swap.PentagoBoard
# Timeout: 2000
# First Move Timeout: 30000
# Date: Sat Apr 13 07:13:32 ICT 2019
# Player 1: Player-0, '260793376', running on localhost
# Player 2: Player-1, 'Human', running on localhost
START Player-0 260793376
START Player-1 Human
1 0 TL BR 0
1 1 TL BR 1
5 3 TL BR 0
4 4 TL BR 1
5 5 TR BR 0
1 2 TL BL 1
2 4 TR BR 0
4 5 BR TR 1
0 2 TR BR 0
4 3 BR BL 1
2 1 TR BL 0
0 4 TL BR 1
GAMEOVER WINNER 1
# Game ended: Sat Apr 13 07:15:00 ICT 2019
