# Server version 0.08 running on XPS15:8123
# Game ID: 348
# Board class: pentago_swap.PentagoBoard
# Timeout: 2000
# First Move Timeout: 30000
# Date: Sat Apr 13 06:58:12 ICT 2019
# Player 1: Player-0, 'Human', running on localhost
# Player 2: Player-1, '260793376', running on localhost
START Player-0 Human
START Player-1 260793376
1 1 TL BR 0
0 3 TL BR 1
4 1 TL BR 0
1 3 TR BR 1
1 3 BR TL 0
4 3 TL TR 1
4 2 BL BR 0
4 3 BL BR 1
5 2 TR BL 0
5 0 BL BR 1
0 3 TR BR 0
3 0 TL TR 1
GAMEOVER WINNER 1
# Game ended: Sat Apr 13 06:59:10 ICT 2019
