# Server version 0.08 running on XPS15:8123
# Game ID: 97
# Board class: pentago_swap.PentagoBoard
# Timeout: 2000
# First Move Timeout: 30000
# Date: Thu Apr 11 04:38:05 ICT 2019
# Player 1: Player-0, '260793376', running on localhost
# Player 2: Player-1, 'RandomPlayer', running on localhost
START Player-0 260793376
START Player-1 RandomPlayer
1 0 TL BR 0
0 1 TR BR 1
2 2 TR BL 0
3 2 TL TR 1
1 4 TL TR 0
1 5 BL BR 1
0 0 BL BR 0
3 5 TL BL 1
0 0 TL BL 0
5 4 BL BR 1
4 4 TR BL 0
GAMEOVER WINNER 0
# Game ended: Thu Apr 11 04:38:08 ICT 2019
