# Server version 0.08 running on XPS15:8123
# Game ID: 624
# Board class: pentago_swap.PentagoBoard
# Timeout: 2000
# First Move Timeout: 30000
# Date: Sat Apr 13 14:59:53 ICT 2019
# Player 1: Player-0, '260793376', running on localhost
# Player 2: Player-1, 'persistent', running on localhost
START Player-0 260793376
START Player-1 persistent
1 1 TR BL 0
4 3 TL BR 1
1 1 BL BR 0
2 1 TL TR 1
1 0 TR BL 0
0 5 TR BR 1
2 5 TL BL 0
2 4 TR BL 1
4 0 TR BL 0
2 0 TR BR 1
4 4 TR BL 0
2 2 TL BL 1
5 3 TR BR 0
2 1 TL TR 1
2 3 TL BR 0
1 5 TR BR 1
5 5 TL BL 0
4 2 TR BR 1
3 3 TL TR 0
GAMEOVER WINNER 0
# Game ended: Sat Apr 13 15:00:32 ICT 2019
