# Server version 0.08 running on XPS15:8123
# Game ID: 218
# Board class: pentago_swap.PentagoBoard
# Timeout: 2000
# First Move Timeout: 30000
# Date: Thu Apr 11 07:25:09 ICT 2019
# Player 1: Player-0, 'persistent', running on localhost
# Player 2: Player-1, '260793376', running on localhost
START Player-0 persistent
START Player-1 260793376
1 1 TR BL 0
4 1 TL TR 1
3 3 TR BR 0
4 5 TL TR 1
3 4 TR BL 0
1 5 BL BR 1
0 1 TL BR 0
2 5 TL BL 1
1 3 TR BL 0
3 2 TR BR 1
0 5 BL BR 0
0 2 TR BR 1
0 0 TL TR 0
0 0 TR BL 1
GAMEOVER WINNER 1
# Game ended: Thu Apr 11 07:26:17 ICT 2019
