# Server version 0.08 running on XPS15:8123
# Game ID: 498
# Board class: pentago_swap.PentagoBoard
# Timeout: 2000
# First Move Timeout: 30000
# Date: Sat Apr 13 13:14:41 ICT 2019
# Player 1: Player-0, 'exploit', running on localhost
# Player 2: Player-1, '260793376', running on localhost
START Player-0 exploit
START Player-1 260793376
0 4 TL TR 0
0 5 TL BL 1
4 1 TR BL 0
4 1 TR BR 1
1 1 TL BL 0
1 4 TL BR 1
3 1 BL BR 0
0 5 TR BR 1
2 1 TR BL 0
GAMEOVER WINNER 0
# Game ended: Sat Apr 13 13:14:58 ICT 2019
