# Server version 0.08 running on XPS15:8123
# Game ID: 159
# Board class: pentago_swap.PentagoBoard
# Timeout: 2000
# First Move Timeout: 30000
# Date: Thu Apr 11 06:17:18 ICT 2019
# Player 1: Player-0, 'persistent', running on localhost
# Player 2: Player-1, '260793376', running on localhost
START Player-0 persistent
START Player-1 260793376
1 1 TR BL 0
4 1 TL TR 1
3 3 TR BR 0
1 4 TR BL 1
3 3 BL BR 0
1 1 TL TR 1
2 0 TR BR 0
1 5 BL BR 1
1 3 TL BL 0
4 2 TL BL 1
1 0 TR BR 0
3 4 BL BR 1
0 0 TR BR 0
GAMEOVER WINNER 0
# Game ended: Thu Apr 11 06:18:27 ICT 2019
