# Server version 0.08 running on XPS15:8123
# Game ID: 491
# Board class: pentago_swap.PentagoBoard
# Timeout: 2000
# First Move Timeout: 30000
# Date: Sat Apr 13 13:11:51 ICT 2019
# Player 1: Player-0, '260793376', running on localhost
# Player 2: Player-1, 'exploit', running on localhost
START Player-0 260793376
START Player-1 exploit
1 0 TL TR 0
3 4 BL BR 1
5 3 BL BR 0
1 0 TR BR 1
4 0 TL BR 0
3 0 TL BL 1
2 1 TL BL 0
0 3 TL BR 1
4 1 TR BR 0
3 1 TR BL 1
0 5 TL TR 0
3 5 TL TR 1
4 1 TL TR 0
2 2 TR BR 1
1 2 TR BL 0
GAMEOVER WINNER 0
# Game ended: Sat Apr 13 13:12:20 ICT 2019
