# Server version 0.08 running on XPS15:8123
# Game ID: 593
# Board class: pentago_swap.PentagoBoard
# Timeout: 2000
# First Move Timeout: 30000
# Date: Sat Apr 13 14:44:22 ICT 2019
# Player 1: Player-0, 'persistent', running on localhost
# Player 2: Player-1, '260793376', running on localhost
START Player-0 persistent
START Player-1 260793376
4 4 TL TR 0
5 3 TL BR 1
1 2 TL BR 0
1 1 TL BR 1
1 4 TL BR 0
4 3 TR BR 1
2 4 TL TR 0
4 0 TL BR 1
2 1 TL BL 0
5 0 TL BL 1
3 4 TL TR 0
GAMEOVER WINNER 0
# Game ended: Sat Apr 13 14:44:43 ICT 2019
