# Server version 0.08 running on XPS15:8123
# Game ID: 285
# Board class: pentago_swap.PentagoBoard
# Timeout: 2000
# First Move Timeout: 30000
# Date: Thu Apr 11 08:39:29 ICT 2019
# Player 1: Player-0, 'time', running on localhost
# Player 2: Player-1, '260793376', running on localhost
START Player-0 time
START Player-1 260793376
1 1 TR BL 0
0 4 TL BL 1
2 5 TL TR 0
1 1 TL BL 1
1 4 TL BL 0
4 4 TL BL 1
1 5 TR BR 0
3 4 TL BR 1
2 2 TL BR 0
4 0 BL BR 1
0 0 TL BL 0
4 5 TL BR 1
5 2 TL BL 0
1 3 TL BL 1
GAMEOVER WINNER 1
# Game ended: Thu Apr 11 08:40:09 ICT 2019
