# Server version 0.08 running on XPS15:8123
# Game ID: 45
# Board class: pentago_swap.PentagoBoard
# Timeout: 2000
# First Move Timeout: 30000
# Date: Wed Apr 10 04:15:47 ICT 2019
# Player 1: Player-0, '260793376', running on localhost
# Player 2: Player-1, 'RandomPlayer', running on localhost
START Player-0 260793376
START Player-1 RandomPlayer
4 2 TR BL 0
0 1 TR BR 1
4 3 TR BL 0
3 1 TL TR 1
4 4 TR BL 0
1 4 BL BR 1
4 5 TR BL 0
3 3 TL BL 1
5 0 TR BL 0
5 4 BL BR 1
GAMEOVER ILLEGAL MOVE: Player 0, Move: (5, 1), Swap: (TR, BL) WINNER 1
# Game ended: Wed Apr 10 04:15:47 ICT 2019
