# Server version 0.08 running on XPS15:8123
# Game ID: 718
# Board class: pentago_swap.PentagoBoard
# Timeout: 2000
# First Move Timeout: 30000
# Date: Sat Apr 13 16:00:55 ICT 2019
# Player 1: Player-0, 'penalty', running on localhost
# Player 2: Player-1, '260793376', running on localhost
START Player-0 penalty
START Player-1 260793376
0 1 TR BL 0
1 4 TL TR 1
2 0 TL BR 0
0 3 TR BL 1
4 1 TL BR 0
1 4 TR BL 1
1 0 TL BR 0
1 1 TL TR 1
3 3 TL TR 0
1 0 TR BR 1
4 0 TR BL 0
2 0 TL BL 1
0 3 TR BL 0
GAMEOVER WINNER 0
# Game ended: Sat Apr 13 16:01:19 ICT 2019
