# Server version 0.08 running on XPS15:8123
# Game ID: 331
# Board class: pentago_swap.PentagoBoard
# Timeout: 2000
# First Move Timeout: 30000
# Date: Fri Apr 12 07:43:40 ICT 2019
# Player 1: Player-0, 'Human', running on localhost
# Player 2: Player-1, '260793376', running on localhost
START Player-0 Human
START Player-1 260793376
1 1 TL BR 0
1 1 BL BR 1
1 4 TR BR 0
3 4 TR BL 1
1 3 TR BL 0
0 5 TL TR 1
4 3 BR TR 0
0 5 TL BR 1
4 2 BL TL 0
GAMEOVER WINNER 0
# Game ended: Fri Apr 12 07:45:16 ICT 2019
