# Server version 0.08 running on XPS15:8123
# Game ID: 415
# Board class: pentago_swap.PentagoBoard
# Timeout: 2000
# First Move Timeout: 30000
# Date: Sat Apr 13 12:23:15 ICT 2019
# Player 1: Player-0, '260793376', running on localhost
# Player 2: Player-1, 'Human', running on localhost
START Player-0 260793376
START Player-1 Human
1 1 TR BL 0
1 4 TR BR 1
5 3 TL BL 0
1 1 BL TR 1
4 3 TL BR 0
2 1 TR BL 1
4 0 TL BR 0
2 1 TR BL 1
1 5 TR BR 0
0 4 TR BL 1
GAMEOVER WINNER 1
# Game ended: Sat Apr 13 12:24:13 ICT 2019
