# Server version 0.08 running on XPS15:8123
# Game ID: 690
# Board class: pentago_swap.PentagoBoard
# Timeout: 2000
# First Move Timeout: 30000
# Date: Sat Apr 13 15:44:00 ICT 2019
# Player 1: Player-0, 'penalty', running on localhost
# Player 2: Player-1, '260793376', running on localhost
START Player-0 penalty
START Player-1 260793376
4 3 TL BL 0
3 1 TR BR 1
2 2 BL BR 0
4 4 TL BR 1
2 2 TL BR 0
4 1 TL TR 1
5 0 BL BR 0
5 1 TL BL 1
3 4 TR BL 0
5 4 TL TR 1
4 2 TL TR 0
0 4 TL TR 1
3 5 TL TR 0
1 4 TL BR 1
0 0 TL TR 0
GAMEOVER WINNER 1
# Game ended: Sat Apr 13 15:44:28 ICT 2019
