# Server version 0.08 running on XPS15:8123
# Game ID: 541
# Board class: pentago_swap.PentagoBoard
# Timeout: 2000
# First Move Timeout: 30000
# Date: Sat Apr 13 14:25:14 ICT 2019
# Player 1: Player-0, 'persistent', running on localhost
# Player 2: Player-1, '260793376', running on localhost
START Player-0 persistent
START Player-1 260793376
1 0 TL BR 0
0 3 TL BR 1
1 3 TR BR 0
1 1 TL BL 1
1 5 TR BL 0
4 1 TR BL 1
5 3 TL TR 0
5 0 TR BL 1
2 2 TL TR 0
0 5 TL BL 1
3 1 TL BL 0
2 3 TR BL 1
3 4 TL BL 0
3 2 TL TR 1
GAMEOVER WINNER 1
# Game ended: Sat Apr 13 14:25:37 ICT 2019
