# Server version 0.08 running on XPS15:8123
# Game ID: 96
# Board class: pentago_swap.PentagoBoard
# Timeout: 2000
# First Move Timeout: 30000
# Date: Thu Apr 11 04:27:19 ICT 2019
# Player 1: Player-0, 'RandomPlayer', running on localhost
# Player 2: Player-1, '260793376', running on localhost
START Player-0 RandomPlayer
START Player-1 260793376
5 2 TR BR 0
2 0 TL BR 1
0 3 TL TR 0
0 5 BL BR 1
3 5 BL BR 0
1 5 TL BR 1
2 1 TL BL 0
4 5 TR BL 1
5 3 BL BR 0
4 0 TR BL 1
2 0 TL TR 0
5 5 TL BR 1
0 0 BL BR 0
3 2 TR BR 1
GAMEOVER WINNER 1
# Game ended: Thu Apr 11 04:27:23 ICT 2019
