# Server version 0.08 running on XPS15:8123
# Game ID: 576
# Board class: pentago_swap.PentagoBoard
# Timeout: 2000
# First Move Timeout: 30000
# Date: Sat Apr 13 14:38:14 ICT 2019
# Player 1: Player-0, '260793376', running on localhost
# Player 2: Player-1, 'persistent', running on localhost
START Player-0 260793376
START Player-1 persistent
1 1 TL BR 0
3 0 TL BR 1
4 4 BL BR 0
1 4 TR BL 1
4 4 TR BR 0
1 3 TL BL 1
5 1 TL TR 0
2 0 BL BR 1
3 4 TR BL 0
1 3 BL BR 1
0 1 TL BL 0
GAMEOVER WINNER 0
# Game ended: Sat Apr 13 14:38:35 ICT 2019
