# Server version 0.08 running on XPS15:8123
# Game ID: 320
# Board class: pentago_swap.PentagoBoard
# Timeout: 2000
# First Move Timeout: 30000
# Date: Fri Apr 12 06:16:48 ICT 2019
# Player 1: Player-0, 'Human', running on localhost
# Player 2: Player-1, '260793376', running on localhost
START Player-0 Human
START Player-1 260793376
3 0 BL TR 0
4 1 TL TR 1
0 1 TL BR 0
1 1 TL BR 1
0 2 TL BR 0
1 4 BL BR 1
0 3 TR TL 0
0 4 TL TR 1
0 4 TR BR 0
GAMEOVER WINNER 0
# Game ended: Fri Apr 12 06:19:03 ICT 2019
