# Server version 0.08 running on XPS15:8123
# Game ID: 372
# Board class: pentago_swap.PentagoBoard
# Timeout: 2000
# First Move Timeout: 30000
# Date: Sat Apr 13 07:27:15 ICT 2019
# Player 1: Player-0, 'Human', running on localhost
# Player 2: Player-1, '260793376', running on localhost
START Player-0 Human
START Player-1 260793376
0 1 TL BR 0
1 1 TR BR 1
3 4 TR TL 0
5 2 TR BR 1
0 0 TR BR 0
4 1 BL BR 1
3 0 BL BR 0
2 5 TL TR 1
0 5 TR BL 0
GAMEOVER WINNER 0
# Game ended: Sat Apr 13 07:27:43 ICT 2019
