# Server version 0.08 running on XPS15:8123
# Game ID: 416
# Board class: pentago_swap.PentagoBoard
# Timeout: 2000
# First Move Timeout: 30000
# Date: Sat Apr 13 12:24:36 ICT 2019
# Player 1: Player-0, '260793376', running on localhost
# Player 2: Player-1, 'Human', running on localhost
START Player-0 260793376
START Player-1 Human
4 3 TR BR 0
1 1 TL BR 1
2 4 TL TR 0
1 4 TR TL 1
1 0 TR BR 0
2 1 TR BR 1
0 1 TL TR 0
5 4 TR TL 1
3 4 TR BR 0
0 2 TR BL 1
3 4 TL BL 0
2 0 BR TL 1
2 5 TL TR 0
GAMEOVER WINNER 0
# Game ended: Sat Apr 13 12:25:57 ICT 2019
