# Server version 0.08 running on XPS15:8123
# Game ID: 457
# Board class: pentago_swap.PentagoBoard
# Timeout: 2000
# First Move Timeout: 30000
# Date: Sat Apr 13 12:59:09 ICT 2019
# Player 1: Player-0, '260793376', running on localhost
# Player 2: Player-1, 'exploit', running on localhost
START Player-0 260793376
START Player-1 exploit
1 1 TR BL 0
4 1 TL BL 1
2 1 BL BR 0
4 1 TL BL 1
0 1 TR BL 0
4 1 TL BL 1
2 1 BL BR 0
4 3 TL BR 1
1 2 BL BR 0
4 2 TR BR 1
4 0 TR BR 0
2 2 TL TR 1
1 0 TL BR 0
0 3 TR BR 1
3 0 BL BR 0
0 3 BL BR 1
0 2 BL BR 0
3 2 BL BR 1
2 3 BL BR 0
5 3 BL BR 1
0 1 BL BR 0
3 5 TR BR 1
GAMEOVER WINNER 1
# Game ended: Sat Apr 13 12:59:51 ICT 2019
