# Server version 0.08 running on XPS15:8123
# Game ID: 514
# Board class: pentago_swap.PentagoBoard
# Timeout: 2000
# First Move Timeout: 30000
# Date: Sat Apr 13 13:20:36 ICT 2019
# Player 1: Player-0, 'exploit', running on localhost
# Player 2: Player-1, '260793376', running on localhost
START Player-0 exploit
START Player-1 260793376
0 1 TR BR 0
4 1 TR BL 1
5 5 TL BR 0
4 1 TR BR 1
1 3 TL BL 0
4 3 TL BR 1
4 3 TL BL 0
4 2 TL BL 1
3 4 TR BL 0
4 5 TL BL 1
5 2 TL BL 0
1 4 TL BL 1
5 4 TL BL 0
1 3 BL BR 1
GAMEOVER WINNER 1
# Game ended: Sat Apr 13 13:21:03 ICT 2019
