# Server version 0.08 running on XPS15:8123
# Game ID: 449
# Board class: pentago_swap.PentagoBoard
# Timeout: 2000
# First Move Timeout: 30000
# Date: Sat Apr 13 12:55:39 ICT 2019
# Player 1: Player-0, '260793376', running on localhost
# Player 2: Player-1, 'exploit', running on localhost
START Player-0 260793376
START Player-1 exploit
4 1 TL BL 0
4 1 TL BL 1
2 1 BL BR 0
4 1 TL BL 1
0 1 TR BL 0
4 1 TL TR 1
3 1 TR BR 0
2 0 TL BL 1
3 5 TR BL 0
4 3 TL BL 1
3 2 TL BL 0
1 0 TL BL 1
3 0 BL BR 0
GAMEOVER WINNER 0
# Game ended: Sat Apr 13 12:56:03 ICT 2019
