# Server version 0.08 running on XPS15:8123
# Game ID: 199
# Board class: pentago_swap.PentagoBoard
# Timeout: 2000
# First Move Timeout: 30000
# Date: Thu Apr 11 07:03:34 ICT 2019
# Player 1: Player-0, '260793376', running on localhost
# Player 2: Player-1, 'persistent', running on localhost
START Player-0 260793376
START Player-1 persistent
1 1 TR BL 0
4 1 TL TR 1
4 0 TL BL 0
4 1 TL BL 1
5 4 TL TR 0
5 0 TL TR 1
2 0 TR BL 0
0 4 BL BR 1
5 4 TL BL 0
2 4 TL BR 1
3 4 TR BR 0
5 1 TL TR 1
1 1 TL BR 0
GAMEOVER WINNER 0
# Game ended: Thu Apr 11 07:04:41 ICT 2019
