# Server version 0.08 running on XPS15:8123
# Game ID: 244
# Board class: pentago_swap.PentagoBoard
# Timeout: 2000
# First Move Timeout: 30000
# Date: Thu Apr 11 07:54:52 ICT 2019
# Player 1: Player-0, 'persistent', running on localhost
# Player 2: Player-1, '260793376', running on localhost
START Player-0 persistent
START Player-1 260793376
1 1 TR BL 0
4 1 TL TR 1
3 0 TR BR 0
3 3 BL BR 1
5 5 BL BR 0
1 0 TL BR 1
2 1 TR BL 0
4 5 BL BR 1
0 1 BL BR 0
2 4 BL BR 1
1 0 TR BR 0
4 1 TL BL 1
1 4 TL BL 0
4 3 TL TR 1
GAMEOVER WINNER 1
# Game ended: Thu Apr 11 07:56:00 ICT 2019
