# Server version 0.08 running on XPS15:8123
# Game ID: 649
# Board class: pentago_swap.PentagoBoard
# Timeout: 2000
# First Move Timeout: 30000
# Date: Sat Apr 13 15:11:17 ICT 2019
# Player 1: Player-0, 'persistent', running on localhost
# Player 2: Player-1, '260793376', running on localhost
START Player-0 persistent
START Player-1 260793376
1 1 TR BL 0
0 3 TR BL 1
4 4 BL BR 0
4 3 TL TR 1
4 0 TL BR 0
1 3 TL BR 1
1 1 TR BR 0
2 3 TR BL 1
3 3 TL BR 0
2 0 TR BR 1
GAMEOVER WINNER 1
# Game ended: Sat Apr 13 15:11:39 ICT 2019
