# Server version 0.08 running on XPS15:8123
# Game ID: 126
# Board class: pentago_swap.PentagoBoard
# Timeout: 2000
# First Move Timeout: 30000
# Date: Thu Apr 11 05:14:53 ICT 2019
# Player 1: Player-0, '260793376', running on localhost
# Player 2: Player-1, 'RandomPlayer', running on localhost
START Player-0 260793376
START Player-1 RandomPlayer
1 1 TR BL 0
0 1 TR BR 1
5 4 TL BR 0
3 1 TL TR 1
4 2 TR BR 0
1 5 BL BR 1
3 3 BL BR 0
3 4 TL BL 1
5 5 TL BR 0
5 4 BL BR 1
3 4 TR BR 0
3 2 TL TR 1
2 3 BL BR 0
1 0 BL BR 1
4 1 BL BR 0
5 2 TR BR 1
1 3 TL BR 0
2 3 TL BR 1
4 0 TR BL 0
3 3 TR BR 1
GAMEOVER WINNER 0
# Game ended: Thu Apr 11 05:15:33 ICT 2019
