# Server version 0.08 running on XPS15:8123
# Game ID: 4
# Board class: pentago_swap.PentagoBoard
# Timeout: 2000
# First Move Timeout: 30000
# Date: Sun Apr 07 02:53:55 ICT 2019
# Player 1: Player-0, 'Human', running on localhost
# Player 2: Player-1, 'RandomPlayer', running on localhost
START Player-0 Human
START Player-1 RandomPlayer
4 1 BL BR 0
0 1 TR BR 1
2 3 TR BL 0
3 1 TL TR 1
3 2 BL TR 0
2 0 BL BR 1
3 2 BR TL 0
3 5 TL BL 1
1 1 BL TL 0
GAMEOVER WINNER 0
# Game ended: Sun Apr 07 02:54:50 ICT 2019
