# Server version 0.08 running on XPS15:8123
# Game ID: 620
# Board class: pentago_swap.PentagoBoard
# Timeout: 2000
# First Move Timeout: 30000
# Date: Sat Apr 13 14:58:19 ICT 2019
# Player 1: Player-0, '260793376', running on localhost
# Player 2: Player-1, 'persistent', running on localhost
START Player-0 260793376
START Player-1 persistent
1 1 TR BL 0
4 3 TL BR 1
4 2 TR BL 0
5 1 TR BL 1
4 1 TR BR 0
4 3 TR BR 1
4 0 TL BR 0
5 4 BL BR 1
1 2 TL BL 0
GAMEOVER WINNER 0
# Game ended: Sat Apr 13 14:58:39 ICT 2019
