# Server version 0.08 running on XPS15:8123
# Game ID: 401
# Board class: pentago_swap.PentagoBoard
# Timeout: 2000
# First Move Timeout: 30000
# Date: Sat Apr 13 11:42:27 ICT 2019
# Player 1: Player-0, '260793376', running on localhost
# Player 2: Player-1, 'Human', running on localhost
START Player-0 260793376
START Player-1 Human
1 3 TL BL 0
1 1 TL BR 1
2 4 TL TR 0
1 4 TR TL 1
1 0 TR BR 0
2 1 TL BR 1
3 4 TR BR 0
3 4 BL TR 1
5 4 TL BL 0
2 2 TL BL 1
0 1 TL BL 0
5 5 BR BL 1
0 0 TL BL 0
4 4 BR TR 1
5 5 TL BR 0
GAMEOVER WINNER 0
# Game ended: Sat Apr 13 11:43:44 ICT 2019
