# Server version 0.08 running on XPS15:8123
# Game ID: 144
# Board class: pentago_swap.PentagoBoard
# Timeout: 2000
# First Move Timeout: 30000
# Date: Thu Apr 11 05:57:47 ICT 2019
# Player 1: Player-0, '260793376', running on localhost
# Player 2: Player-1, 'persistent', running on localhost
START Player-0 260793376
START Player-1 persistent
1 1 TR BL 0
4 1 TL TR 1
2 3 TR BR 0
1 2 TR BR 1
5 4 TL BL 0
4 1 TL BL 1
2 4 TL TR 0
4 0 TL TR 1
4 4 TR BR 0
1 0 TL BR 1
0 1 TL BL 0
1 2 TL BL 1
GAMEOVER WINNER 1
# Game ended: Thu Apr 11 05:58:55 ICT 2019
