# Server version 0.08 running on XPS15:8123
# Game ID: 425
# Board class: pentago_swap.PentagoBoard
# Timeout: 2000
# First Move Timeout: 30000
# Date: Sat Apr 13 12:38:48 ICT 2019
# Starting at move 20
# Player 1: Player-0, 'Human', running on localhost
# Player 2: Player-1, '260793376', running on localhost
START Player-0 Human
START Player-1 260793376
4 3 TR BL 0
1 1 TL BR 1
2 3 BL BR 0
4 4 BL TL 1
1 3 TR BR 0
3 3 BR TR 1
1 2 BL BR 0
2 1 TL BR 1
3 4 TR BR 0
3 1 TL BR 1
5 1 TL TR 0
2 2 TL BL 1
5 3 TL BR 0
0 0 TL BL 1
3 1 BL BR 0
4 5 TR TL 1
0 1 TR BR 0
1 2 BR BL 1
5 5 TL TR 0
5 0 TL BL 1
0 0 TL TR 0
3 3 BL BR 1
3 2 BR TL 0
2 1 TL TR 1
4 2 BR BL 0
2 5 TL TR 1
GAMEOVER WINNER 1
# Game ended: Sat Apr 13 12:40:08 ICT 2019
