# Server version 0.08 running on XPS15:8123
# Game ID: 166
# Board class: pentago_swap.PentagoBoard
# Timeout: 2000
# First Move Timeout: 30000
# Date: Thu Apr 11 06:25:20 ICT 2019
# Player 1: Player-0, '260793376', running on localhost
# Player 2: Player-1, 'persistent', running on localhost
START Player-0 260793376
START Player-1 persistent
1 1 TR BL 0
4 1 TL TR 1
4 0 TL BL 0
4 1 TL BL 1
1 5 TR BL 0
2 1 TL BL 1
0 1 TL TR 0
4 0 TL BR 1
4 2 BL BR 0
3 4 TL TR 1
1 4 TL TR 0
5 1 TR BR 1
0 1 TL BR 0
3 1 TL TR 1
GAMEOVER WINNER 1
# Game ended: Thu Apr 11 06:26:29 ICT 2019
