# Server version 0.08 running on XPS15:8123
# Game ID: 317
# Board class: pentago_swap.PentagoBoard
# Timeout: 2000
# First Move Timeout: 30000
# Date: Fri Apr 12 06:10:23 ICT 2019
# Player 1: Player-0, 'Human', running on localhost
# Player 2: Player-1, '260793376', running on localhost
START Player-0 Human
START Player-1 260793376
0 0 TL BR 0
2 3 BL BR 1
0 3 TR TL 0
4 1 TR BR 1
3 1 BL BR 0
1 1 TR BL 1
0 1 TL TR 0
1 1 TL BL 1
3 5 BR TL 0
GAMEOVER WINNER 0
# Game ended: Fri Apr 12 06:11:31 ICT 2019
