# Server version 0.08 running on XPS15:8123
# Game ID: 83
# Board class: pentago_swap.PentagoBoard
# Timeout: 300000
# First Move Timeout: 30000
# Date: Wed Apr 10 10:20:47 ICT 2019
# Player 1: Player-0, '260793376', running on localhost
# Player 2: Player-1, '260793376', running on localhost
START Player-0 260793376
START Player-1 260793376
1 0 TL BR 0
4 4 TR BR 1
1 5 TL BL 0
0 4 TR BR 1
2 0 TL BR 0
5 1 TL BL 1
3 5 TR BL 0
1 1 TL TR 1
1 3 TR BL 0
2 1 TL TR 1
5 5 TR BL 0
0 0 TL TR 1
GAMEOVER WINNER 1
# Game ended: Wed Apr 10 10:20:52 ICT 2019
