# Server version 0.08 running on XPS15:8123
# Game ID: 518
# Board class: pentago_swap.PentagoBoard
# Timeout: 2000
# First Move Timeout: 30000
# Date: Sat Apr 13 13:22:11 ICT 2019
# Player 1: Player-0, 'exploit', running on localhost
# Player 2: Player-1, '260793376', running on localhost
START Player-0 exploit
START Player-1 260793376
4 3 TL TR 0
0 5 TL BR 1
1 4 TR BR 0
5 1 TL BL 1
4 1 TR BR 0
1 5 TL TR 1
2 1 TL BL 0
3 1 TL BL 1
3 1 BL BR 0
0 4 BL BR 1
5 1 TR BR 0
GAMEOVER WINNER 0
# Game ended: Sat Apr 13 13:22:32 ICT 2019
