# Server version 0.08 running on XPS15:8123
# Game ID: 644
# Board class: pentago_swap.PentagoBoard
# Timeout: 2000
# First Move Timeout: 30000
# Date: Sat Apr 13 15:08:45 ICT 2019
# Player 1: Player-0, '260793376', running on localhost
# Player 2: Player-1, 'persistent', running on localhost
START Player-0 260793376
START Player-1 persistent
1 3 BL BR 0
1 0 TL BR 1
2 4 TL TR 0
3 3 BL BR 1
4 3 TL BR 0
1 3 TL BL 1
0 5 BL BR 0
5 4 BL BR 1
4 4 TR BR 0
5 3 TL BR 1
4 1 TL BR 0
4 2 TL BR 1
1 5 TL BR 0
1 1 TR BR 1
0 1 BL BR 0
GAMEOVER WINNER 0
# Game ended: Sat Apr 13 15:09:17 ICT 2019
