# Server version 0.08 running on XPS15:8123
# Game ID: 195
# Board class: pentago_swap.PentagoBoard
# Timeout: 2000
# First Move Timeout: 30000
# Date: Thu Apr 11 06:59:01 ICT 2019
# Player 1: Player-0, '260793376', running on localhost
# Player 2: Player-1, 'persistent', running on localhost
START Player-0 260793376
START Player-1 persistent
1 1 TR BL 0
4 1 TL TR 1
5 0 BL BR 0
2 5 TL BR 1
2 3 TR BL 0
1 4 TR BL 1
5 1 TR BL 0
0 0 BL BR 1
1 2 TL BR 0
2 3 TL BL 1
1 5 TL BR 0
2 5 TL BR 1
3 2 TL BR 0
0 3 TR BR 1
3 4 BL BR 0
2 2 BL BR 1
GAMEOVER WINNER 1
# Game ended: Thu Apr 11 07:00:11 ICT 2019
