# Server version 0.08 running on XPS15:8123
# Game ID: 80
# Board class: pentago_swap.PentagoBoard
# Timeout: 300000
# First Move Timeout: 30000
# Date: Wed Apr 10 09:55:53 ICT 2019
# Player 1: Player-0, '260793376', running on localhost
# Player 2: Player-1, '260793376', running on localhost
START Player-0 260793376
START Player-1 260793376
2 1 TL BL 0
2 0 TL BR 1
0 3 TR BL 0
0 1 TR BL 1
1 2 TR BR 0
3 1 TL TR 1
1 0 TL TR 0
0 3 TR BR 1
0 5 TL BR 0
3 2 TR BL 1
5 0 BL BR 0
0 3 BL BR 1
0 2 TR BR 0
0 1 TL BR 1
2 2 TR BR 0
GAMEOVER WINNER 1
# Game ended: Wed Apr 10 09:55:57 ICT 2019
