# Server version 0.08 running on XPS15:8123
# Game ID: 626
# Board class: pentago_swap.PentagoBoard
# Timeout: 2000
# First Move Timeout: 30000
# Date: Sat Apr 13 15:00:59 ICT 2019
# Player 1: Player-0, '260793376', running on localhost
# Player 2: Player-1, 'persistent', running on localhost
START Player-0 260793376
START Player-1 persistent
1 3 TL BR 0
0 0 TL TR 1
2 0 TL BL 0
4 1 TL BL 1
4 4 BL BR 0
1 4 TR BR 1
5 5 TL BR 0
0 1 TL BR 1
0 0 TR BR 0
2 4 TR BL 1
2 1 BL BR 0
0 1 TL TR 1
1 0 TL TR 0
2 3 TL BL 1
0 3 TL BL 0
4 1 TL BL 1
0 1 TL BL 0
0 4 TL BL 1
1 0 TL BL 0
4 3 TL BL 1
0 0 TL BL 0
GAMEOVER WINNER 0
# Game ended: Sat Apr 13 15:01:42 ICT 2019
