# Server version 0.08 running on XPS15:8123
# Game ID: 469
# Board class: pentago_swap.PentagoBoard
# Timeout: 2000
# First Move Timeout: 30000
# Date: Sat Apr 13 13:03:53 ICT 2019
# Player 1: Player-0, '260793376', running on localhost
# Player 2: Player-1, 'exploit', running on localhost
START Player-0 260793376
START Player-1 exploit
4 4 TR BL 0
1 1 BL BR 1
2 1 BL BR 0
4 1 TL BL 1
0 1 TR BL 0
1 5 TR BR 1
2 4 TL TR 0
4 3 TL BR 1
3 4 TL BR 0
1 3 TL BR 1
GAMEOVER WINNER 1
# Game ended: Sat Apr 13 13:04:12 ICT 2019
