# Server version 0.08 running on XPS15:8123
# Game ID: 365
# Board class: pentago_swap.PentagoBoard
# Timeout: 2000
# First Move Timeout: 30000
# Date: Sat Apr 13 07:17:27 ICT 2019
# Player 1: Player-0, 'Human', running on localhost
# Player 2: Player-1, '260793376', running on localhost
START Player-0 Human
START Player-1 260793376
1 1 TL BR 0
0 0 TL BL 1
1 1 TR BL 0
1 0 TL BL 1
4 5 BR TL 0
0 4 TL BR 1
4 2 TR BL 0
4 0 TR BR 1
2 2 TL BR 0
5 0 TR BL 1
2 0 TL TR 0
0 3 TR BL 1
GAMEOVER WINNER 1
# Game ended: Sat Apr 13 07:19:04 ICT 2019
