# Server version 0.08 running on XPS15:8123
# Game ID: 155
# Board class: pentago_swap.PentagoBoard
# Timeout: 2000
# First Move Timeout: 30000
# Date: Thu Apr 11 06:10:41 ICT 2019
# Player 1: Player-0, 'persistent', running on localhost
# Player 2: Player-1, '260793376', running on localhost
START Player-0 persistent
START Player-1 260793376
1 1 TR BL 0
4 1 TL TR 1
5 0 TR BR 0
4 5 TR BL 1
5 5 TL BR 0
5 0 TL TR 1
1 2 TL BR 0
0 4 TL TR 1
0 5 BL BR 0
3 4 TL TR 1
5 2 TR BL 0
0 1 TR BR 1
5 4 TR BL 0
1 2 BL BR 1
2 4 TR BL 0
3 0 TR BL 1
2 3 TL BL 0
GAMEOVER WINNER 0
# Game ended: Thu Apr 11 06:11:57 ICT 2019
