# Server version 0.08 running on XPS15:8123
# Game ID: 728
# Board class: pentago_swap.PentagoBoard
# Timeout: 2000
# First Move Timeout: 30000
# Date: Sat Apr 13 16:06:27 ICT 2019
# Player 1: Player-0, '260793376', running on localhost
# Player 2: Player-1, 'Human', running on localhost
START Player-0 260793376
START Player-1 Human
4 3 TR BL 0
1 1 TL BR 1
5 5 TR BR 0
4 4 TR TL 1
1 0 TR BR 0
2 1 TR BR 1
0 0 TL BR 0
5 3 BR BL 1
4 2 BL BR 0
2 1 TR TL 1
3 4 TL TR 0
0 1 TR BL 1
0 3 TR BL 0
3 5 TL TR 1
4 0 TL TR 0
5 0 BR BL 1
3 4 BL BR 0
3 2 TL BL 1
5 2 TL BL 0
0 4 BR BL 1
0 0 TR BR 0
GAMEOVER WINNER 0
# Game ended: Sat Apr 13 16:08:44 ICT 2019
