# Server version 0.08 running on XPS15:8123
# Game ID: 327
# Board class: pentago_swap.PentagoBoard
# Timeout: 2000
# First Move Timeout: 30000
# Date: Fri Apr 12 07:37:12 ICT 2019
# Player 1: Player-0, 'Human', running on localhost
# Player 2: Player-1, '260793376', running on localhost
START Player-0 Human
START Player-1 260793376
3 0 BL BR 0
4 1 TL BR 1
0 1 TL BR 0
1 1 TL BR 1
0 2 BR TL 0
0 1 TR BL 1
3 1 BL TL 0
0 4 TL TR 1
2 1 TL BR 0
5 1 TR BL 1
GAMEOVER WINNER 1
# Game ended: Fri Apr 12 07:38:18 ICT 2019
