# Server version 0.08 running on XPS15:8123
# Game ID: 230
# Board class: pentago_swap.PentagoBoard
# Timeout: 2000
# First Move Timeout: 30000
# Date: Thu Apr 11 07:38:38 ICT 2019
# Player 1: Player-0, 'persistent', running on localhost
# Player 2: Player-1, '260793376', running on localhost
START Player-0 persistent
START Player-1 260793376
1 1 TR BL 0
4 1 TL TR 1
3 3 TR BR 0
1 4 TR BL 1
1 1 TL BL 0
5 2 TL BR 1
4 2 TL BL 0
4 3 TL TR 1
0 4 TL BL 0
4 2 TL BL 1
4 5 BL BR 0
1 0 TL BL 1
3 4 TR BR 0
0 1 TL BR 1
GAMEOVER WINNER 1
# Game ended: Thu Apr 11 07:39:47 ICT 2019
