# Server version 0.08 running on XPS15:8123
# Game ID: 715
# Board class: pentago_swap.PentagoBoard
# Timeout: 2000
# First Move Timeout: 30000
# Date: Sat Apr 13 15:59:16 ICT 2019
# Player 1: Player-0, '260793376', running on localhost
# Player 2: Player-1, 'penalty', running on localhost
START Player-0 260793376
START Player-1 penalty
0 2 TR BL 0
2 0 TL TR 1
0 3 TR BR 0
3 4 BL BR 1
1 1 BL BR 0
3 1 TL BR 1
1 1 BL BR 0
5 2 TL BR 1
5 0 TL BR 0
3 2 TL BL 1
5 2 TL BR 0
3 4 TR BR 1
0 3 TR BL 0
4 2 TR BL 1
1 0 TL BL 0
4 5 TL BL 1
2 0 TR BL 0
1 2 BL BR 1
GAMEOVER WINNER 1
# Game ended: Sat Apr 13 15:59:50 ICT 2019
