# Server version 0.08 running on XPS15:8123
# Game ID: 252
# Board class: pentago_swap.PentagoBoard
# Timeout: 2000
# First Move Timeout: 30000
# Date: Thu Apr 11 08:09:40 ICT 2019
# Player 1: Player-0, '260793376', running on localhost
# Player 2: Player-1, 'time', running on localhost
START Player-0 260793376
START Player-1 time
5 2 TR BR 0
5 3 BL BR 1
0 3 TL TR 0
2 4 TL BR 1
4 0 BL BR 0
4 0 TL TR 1
1 4 TL BL 0
2 1 BL BR 1
5 2 BL BR 0
5 0 BL BR 1
1 5 TL TR 0
4 3 BL BR 1
0 0 BL BR 0
3 2 TL TR 1
GAMEOVER WINNER 1
# Game ended: Thu Apr 11 08:10:16 ICT 2019
