# Server version 0.08 running on XPS15:8123
# Game ID: 326
# Board class: pentago_swap.PentagoBoard
# Timeout: 2000
# First Move Timeout: 30000
# Date: Fri Apr 12 07:35:50 ICT 2019
# Player 1: Player-0, '260793376', running on localhost
# Player 2: Player-1, 'Human', running on localhost
START Player-0 260793376
START Player-1 Human
1 1 TR BL 0
3 0 BL TR 1
1 4 TR BR 0
3 4 BR BL 1
5 4 TL BR 0
0 3 TR BL 1
1 1 TR BR 0
3 5 BR BL 1
0 1 TR BL 0
3 4 BR TL 1
2 4 TL BL 0
GAMEOVER WINNER 0
# Game ended: Fri Apr 12 07:36:55 ICT 2019
