# Server version 0.08 running on XPS15:8123
# Game ID: 403
# Board class: pentago_swap.PentagoBoard
# Timeout: 2000
# First Move Timeout: 30000
# Date: Sat Apr 13 11:45:09 ICT 2019
# Player 1: Player-0, '260793376', running on localhost
# Player 2: Player-1, '260793376', running on localhost
START Player-0 260793376
START Player-1 260793376
1 1 TR BL 0
0 3 TR BL 1
0 3 TR BL 0
4 1 TL TR 1
0 2 TL BR 0
1 1 BL BR 1
0 0 TL BL 0
1 1 TR BL 1
3 1 TL BL 0
4 2 TR BR 1
1 2 TL TR 0
4 0 TR BR 1
0 5 BL BR 0
1 2 TL BL 1
GAMEOVER WINNER 1
# Game ended: Sat Apr 13 11:45:36 ICT 2019
