# Server version 0.08 running on XPS15:8123
# Game ID: 677
# Board class: pentago_swap.PentagoBoard
# Timeout: 2000
# First Move Timeout: 30000
# Date: Sat Apr 13 15:36:59 ICT 2019
# Player 1: Player-0, '260793376', running on localhost
# Player 2: Player-1, 'penalty', running on localhost
START Player-0 260793376
START Player-1 penalty
4 3 TL BL 0
3 1 TR BR 1
5 4 TR BR 0
4 4 TR BL 1
5 4 BL BR 0
0 5 TR BL 1
3 5 TR BR 0
1 1 TL BR 1
5 1 TR BL 0
1 3 TL TR 1
2 3 TR BL 0
5 2 BL BR 1
2 3 TL BR 0
2 5 TL TR 1
0 0 BL BR 0
3 4 TR BR 1
1 3 TL BL 0
2 4 TL BL 1
3 4 TR BL 0
3 2 TR BL 1
0 3 TL TR 0
3 0 TR BL 1
GAMEOVER WINNER 1
# Game ended: Sat Apr 13 15:37:41 ICT 2019
