# Server version 0.08 running on XPS15:8123
# Game ID: 117
# Board class: pentago_swap.PentagoBoard
# Timeout: 2000
# First Move Timeout: 30000
# Date: Thu Apr 11 05:06:06 ICT 2019
# Player 1: Player-0, 'RandomPlayer', running on localhost
# Player 2: Player-1, '260793376', running on localhost
START Player-0 RandomPlayer
START Player-1 260793376
5 2 TR BR 0
5 3 TL BL 1
0 3 TL TR 0
4 2 TR BL 1
3 5 BL BR 0
1 4 TL BR 1
2 0 TL BL 0
1 3 BL BR 1
5 1 BL BR 0
1 1 BL BR 1
2 2 TL TR 0
1 3 BL BR 1
GAMEOVER WINNER 1
# Game ended: Thu Apr 11 05:06:10 ICT 2019
