# Server version 0.08 running on XPS15:8123
# Game ID: 387
# Board class: pentago_swap.PentagoBoard
# Timeout: 2000
# First Move Timeout: 30000
# Date: Sat Apr 13 11:19:01 ICT 2019
# Player 1: Player-0, '260793376', running on localhost
# Player 2: Player-1, 'Human', running on localhost
START Player-0 260793376
START Player-1 Human
4 4 TL TR 0
4 3 BR TL 1
1 4 TR BL 0
2 1 TL BL 1
1 4 BL BR 0
2 1 TL BL 1
4 0 TL TR 0
2 1 TL BR 1
4 2 TR BL 0
4 5 BR TL 1
1 0 TL TR 0
GAMEOVER WINNER 0
# Game ended: Sat Apr 13 11:20:20 ICT 2019
