# Server version 0.08 running on XPS15:8123
# Game ID: 213
# Board class: pentago_swap.PentagoBoard
# Timeout: 2000
# First Move Timeout: 30000
# Date: Thu Apr 11 07:19:19 ICT 2019
# Player 1: Player-0, '260793376', running on localhost
# Player 2: Player-1, 'persistent', running on localhost
START Player-0 260793376
START Player-1 persistent
1 1 TR BL 0
4 1 TL TR 1
5 0 BL BR 0
1 2 TR BR 1
1 1 TR BR 0
4 5 TR BL 1
5 0 TL BL 0
0 2 TR BL 1
3 3 BL BR 0
1 0 TR BR 1
5 3 TL TR 0
1 1 TL TR 1
3 5 TL BL 0
1 0 TL TR 1
1 2 TR BL 0
1 0 TR BR 1
1 3 BL BR 0
0 3 TL BR 1
0 1 TR BL 0
GAMEOVER WINNER 0
# Game ended: Thu Apr 11 07:20:35 ICT 2019
