# Server version 0.08 running on XPS15:8123
# Game ID: 342
# Board class: pentago_swap.PentagoBoard
# Timeout: 2000
# First Move Timeout: 30000
# Date: Sat Apr 13 06:48:23 ICT 2019
# Player 1: Player-0, 'Human', running on localhost
# Player 2: Player-1, '260793376', running on localhost
START Player-0 Human
START Player-1 260793376
1 1 TL BR 0
1 1 BL BR 1
4 4 BL TL 0
4 2 TR BR 1
1 0 TL BR 0
1 1 TL BL 1
4 5 BR TR 0
1 0 TL TR 1
4 3 BR TR 0
GAMEOVER WINNER 0
# Game ended: Sat Apr 13 06:49:59 ICT 2019
