# Server version 0.08 running on XPS15:8123
# Game ID: 352
# Board class: pentago_swap.PentagoBoard
# Timeout: 2000
# First Move Timeout: 30000
# Date: Sat Apr 13 07:02:17 ICT 2019
# Player 1: Player-0, 'Human', running on localhost
# Player 2: Player-1, '260793376', running on localhost
START Player-0 Human
START Player-1 260793376
1 1 TL BR 0
4 5 TR BR 1
1 1 TL BR 0
2 1 TR BL 1
4 0 TL BL 0
0 4 TR BL 1
4 3 TR BL 0
0 2 TL BR 1
1 2 BR TR 0
GAMEOVER WINNER 0
# Game ended: Sat Apr 13 07:03:03 ICT 2019
