# Server version 0.08 running on XPS15:8123
# Game ID: 687
# Board class: pentago_swap.PentagoBoard
# Timeout: 2000
# First Move Timeout: 30000
# Date: Sat Apr 13 15:42:45 ICT 2019
# Player 1: Player-0, '260793376', running on localhost
# Player 2: Player-1, 'penalty', running on localhost
START Player-0 260793376
START Player-1 penalty
0 4 TL TR 0
1 4 TL TR 1
2 0 TL BR 0
0 3 TR BL 1
4 1 TL BR 0
1 4 TR BL 1
1 0 TL BR 0
5 4 TL TR 1
4 0 BL BR 0
3 1 TL BL 1
5 4 TL BR 0
0 1 TL BL 1
0 2 TL TR 0
0 0 TL BR 1
GAMEOVER WINNER 1
# Game ended: Sat Apr 13 15:43:12 ICT 2019
