# Server version 0.08 running on XPS15:8123
# Game ID: 5
# Board class: pentago_swap.PentagoBoard
# Timeout: 2000
# First Move Timeout: 30000
# Date: Sun Apr 07 02:55:15 ICT 2019
# Player 1: Player-0, 'Human', running on localhost
# Player 2: Player-1, 'RandomPlayer', running on localhost
START Player-0 Human
START Player-1 RandomPlayer
3 2 TL BR 0
0 1 TR BR 1
4 1 TL BR 0
3 0 TL TR 1
5 0 TL BR 0
1 4 BL BR 1
3 2 BR TR 0
3 5 TL BL 1
1 1 TL BL 0
GAMEOVER WINNER 0
# Game ended: Sun Apr 07 02:55:43 ICT 2019
