# Server version 0.08 running on XPS15:8123
# Game ID: 295
# Board class: pentago_swap.PentagoBoard
# Timeout: 2000
# First Move Timeout: 30000
# Date: Thu Apr 11 08:46:01 ICT 2019
# Player 1: Player-0, 'time', running on localhost
# Player 2: Player-1, '260793376', running on localhost
START Player-0 time
START Player-1 260793376
1 1 TR BL 0
0 4 TL BL 1
2 5 TL TR 0
1 1 TL BL 1
3 4 TR BR 0
3 5 TL TR 1
3 2 BL BR 0
1 1 TR BR 1
1 5 TL BR 0
4 5 TL TR 1
0 4 TL BL 0
1 1 TL TR 1
4 3 TR BL 0
5 0 TR BL 1
1 0 TR BL 0
2 3 TL BR 1
GAMEOVER WINNER 1
# Game ended: Thu Apr 11 08:46:45 ICT 2019
