# Server version 0.08 running on XPS15:8123
# Game ID: 546
# Board class: pentago_swap.PentagoBoard
# Timeout: 2000
# First Move Timeout: 30000
# Date: Sat Apr 13 14:27:23 ICT 2019
# Player 1: Player-0, 'persistent', running on localhost
# Player 2: Player-1, '260793376', running on localhost
START Player-0 persistent
START Player-1 260793376
1 0 TL BR 0
0 3 TL BR 1
5 2 TR BR 0
4 3 TL BR 1
4 5 BL BR 0
1 3 TL BR 1
1 4 TL TR 0
5 3 BL BR 1
1 5 TL BL 0
3 0 TR BR 1
GAMEOVER WINNER 1
# Game ended: Sat Apr 13 14:27:42 ICT 2019
