# Server version 0.08 running on XPS15:8123
# Game ID: 530
# Board class: pentago_swap.PentagoBoard
# Timeout: 2000
# First Move Timeout: 30000
# Date: Sat Apr 13 13:26:27 ICT 2019
# Player 1: Player-0, 'exploit', running on localhost
# Player 2: Player-1, '260793376', running on localhost
START Player-0 exploit
START Player-1 260793376
0 2 TR BL 0
1 4 TL TR 1
1 5 TR BR 0
4 1 TL BR 1
5 2 TR BL 0
1 5 TL TR 1
4 5 TL BL 0
4 0 TL BL 1
2 3 TR BL 0
4 3 TL BL 1
GAMEOVER WINNER 1
# Game ended: Sat Apr 13 13:26:46 ICT 2019
