# Server version 0.08 running on XPS15:8123
# Game ID: 334
# Board class: pentago_swap.PentagoBoard
# Timeout: 2000
# First Move Timeout: 30000
# Date: Fri Apr 12 07:48:05 ICT 2019
# Player 1: Player-0, 'Human', running on localhost
# Player 2: Player-1, '260793376', running on localhost
START Player-0 Human
START Player-1 260793376
1 1 TL BR 0
1 1 BL BR 1
4 4 BR TL 0
1 4 TR BL 1
1 3 TR BL 0
0 1 TL BR 1
1 2 TL TR 0
3 5 TR BR 1
4 2 BL TL 0
3 1 TR BR 1
4 3 BR TR 0
GAMEOVER WINNER 0
# Game ended: Fri Apr 12 07:48:44 ICT 2019
