# Server version 0.08 running on XPS15:8123
# Game ID: 332
# Board class: pentago_swap.PentagoBoard
# Timeout: 2000
# First Move Timeout: 30000
# Date: Fri Apr 12 07:45:37 ICT 2019
# Player 1: Player-0, 'Human', running on localhost
# Player 2: Player-1, '260793376', running on localhost
START Player-0 Human
START Player-1 260793376
1 1 TL BR 0
1 1 BL BR 1
1 4 TR BR 0
2 4 TL BL 1
1 2 TL BL 0
1 4 TL TR 1
4 0 BL TL 0
3 1 TR BR 1
1 3 TR TL 0
3 4 TR BL 1
GAMEOVER WINNER 1
# Game ended: Fri Apr 12 07:46:31 ICT 2019
