# Server version 0.08 running on XPS15:8123
# Game ID: 659
# Board class: pentago_swap.PentagoBoard
# Timeout: 2000
# First Move Timeout: 30000
# Date: Sat Apr 13 15:16:07 ICT 2019
# Player 1: Player-0, 'persistent', running on localhost
# Player 2: Player-1, '260793376', running on localhost
START Player-0 persistent
START Player-1 260793376
1 1 TL BL 0
5 0 TL BL 1
1 2 TL BR 0
4 1 TL BR 1
4 4 TL BR 0
4 3 TR BR 1
1 0 TR BL 0
3 3 TL BR 1
4 5 TL TR 0
GAMEOVER WINNER 0
# Game ended: Sat Apr 13 15:16:32 ICT 2019
