# Server version 0.08 running on XPS15:8123
# Game ID: 672
# Board class: pentago_swap.PentagoBoard
# Timeout: 2000
# First Move Timeout: 30000
# Date: Sat Apr 13 15:34:16 ICT 2019
# Player 1: Player-0, 'penalty', running on localhost
# Player 2: Player-1, '260793376', running on localhost
START Player-0 penalty
START Player-1 260793376
0 2 TR BR 0
1 4 TL TR 1
1 5 TR BR 0
4 1 BL BR 1
1 2 TR BR 0
5 2 TR BR 1
2 1 TL BR 0
4 1 TL BR 1
2 2 TL BR 0
2 2 TL BL 1
3 0 TR BR 0
0 0 TR BR 1
3 3 TR BR 0
2 0 TR BR 1
2 1 TR BR 0
3 2 TL BL 1
0 1 TL BR 0
GAMEOVER WINNER 0
# Game ended: Sat Apr 13 15:34:49 ICT 2019
