# Server version 0.08 running on XPS15:8123
# Game ID: 198
# Board class: pentago_swap.PentagoBoard
# Timeout: 2000
# First Move Timeout: 30000
# Date: Thu Apr 11 07:02:24 ICT 2019
# Player 1: Player-0, 'persistent', running on localhost
# Player 2: Player-1, '260793376', running on localhost
START Player-0 persistent
START Player-1 260793376
1 1 TR BL 0
4 1 TL TR 1
3 3 TR BR 0
4 5 TL TR 1
3 4 TR BL 0
1 5 BL BR 1
0 1 TL BR 0
3 5 TL BL 1
0 2 TR BL 0
1 4 TR BR 1
5 2 TL TR 0
1 1 TR BL 1
3 0 TR BR 0
1 5 TR BR 1
3 4 TL BR 0
GAMEOVER WINNER 0
# Game ended: Thu Apr 11 07:03:33 ICT 2019
