# Server version 0.08 running on XPS15:8123
# Game ID: 418
# Board class: pentago_swap.PentagoBoard
# Timeout: 2000
# First Move Timeout: 30000
# Date: Sat Apr 13 12:28:34 ICT 2019
# Player 1: Player-0, 'Human', running on localhost
# Player 2: Player-1, '260793376', running on localhost
START Player-0 Human
START Player-1 260793376
1 1 TL BR 0
5 3 TL BR 1
4 4 BR TL 0
4 3 TR BR 1
2 4 TR BL 0
1 0 TL TR 1
2 4 TL BR 0
0 4 TL BR 1
3 1 TR TL 0
GAMEOVER WINNER 0
# Game ended: Sat Apr 13 12:29:02 ICT 2019
