# Server version 0.08 running on XPS15:8123
# Game ID: 354
# Board class: pentago_swap.PentagoBoard
# Timeout: 2000
# First Move Timeout: 30000
# Date: Sat Apr 13 07:04:24 ICT 2019
# Player 1: Player-0, '260793376', running on localhost
# Player 2: Player-1, 'Human', running on localhost
START Player-0 260793376
START Player-1 Human
1 3 TR BR 0
1 1 BR TL 1
2 0 TL BR 0
1 4 TR BR 1
5 1 TL TR 0
4 5 BL TL 1
5 1 TL BR 0
1 5 TR BR 1
5 2 TL BL 0
4 0 BL BR 1
GAMEOVER WINNER 1
# Game ended: Sat Apr 13 07:04:58 ICT 2019
