# Server version 0.08 running on XPS15:8123
# Game ID: 382
# Board class: pentago_swap.PentagoBoard
# Timeout: 2000
# First Move Timeout: 30000
# Date: Sat Apr 13 11:14:07 ICT 2019
# Player 1: Player-0, 'Human', running on localhost
# Player 2: Player-1, '260793376', running on localhost
START Player-0 Human
START Player-1 260793376
1 1 TL BR 0
3 0 TL BR 1
4 4 BL TR 0
1 3 TR BR 1
1 0 BR BL 0
4 3 TL BR 1
5 0 BL BR 0
4 4 TR BL 1
4 5 BL TR 0
1 1 TL BR 1
4 5 BR TL 0
0 0 BL BR 1
2 0 TL BR 0
5 2 TL BL 1
GAMEOVER WINNER 1
# Game ended: Sat Apr 13 11:14:45 ICT 2019
