# Server version 0.08 running on XPS15:8123
# Game ID: 265
# Board class: pentago_swap.PentagoBoard
# Timeout: 2000
# First Move Timeout: 30000
# Date: Thu Apr 11 08:17:35 ICT 2019
# Player 1: Player-0, 'time', running on localhost
# Player 2: Player-1, '260793376', running on localhost
START Player-0 time
START Player-1 260793376
1 1 TR BL 0
0 1 TR BR 1
2 2 TL TR 0
3 3 TL TR 1
5 3 TR BL 0
1 5 BL BR 1
5 3 TL BR 0
3 2 TL BL 1
3 5 TL TR 0
5 3 BL BR 1
0 4 TL TR 0
3 3 TL TR 1
4 2 TL BR 0
1 2 BL BR 1
2 5 TL BL 0
5 1 TR BR 1
4 5 TR BR 0
GAMEOVER WINNER 0
# Game ended: Thu Apr 11 08:18:14 ICT 2019
