# Server version 0.08 running on XPS15:8123
# Game ID: 164
# Board class: pentago_swap.PentagoBoard
# Timeout: 2000
# First Move Timeout: 30000
# Date: Thu Apr 11 06:22:58 ICT 2019
# Player 1: Player-0, '260793376', running on localhost
# Player 2: Player-1, 'persistent', running on localhost
START Player-0 260793376
START Player-1 persistent
1 1 TR BL 0
4 1 TL TR 1
4 2 BL BR 0
1 2 TR BR 1
5 4 TL TR 0
3 2 TL BL 1
2 2 TL BR 0
4 0 TL BL 1
5 4 TR BR 0
4 3 TR BL 1
4 1 TR BL 0
4 4 BL BR 1
0 4 TR BR 0
GAMEOVER WINNER 0
# Game ended: Thu Apr 11 06:24:06 ICT 2019
