# Server version 0.08 running on XPS15:8123
# Game ID: 681
# Board class: pentago_swap.PentagoBoard
# Timeout: 2000
# First Move Timeout: 30000
# Date: Sat Apr 13 15:39:12 ICT 2019
# Player 1: Player-0, '260793376', running on localhost
# Player 2: Player-1, 'penalty', running on localhost
START Player-0 260793376
START Player-1 penalty
2 4 TR BL 0
3 4 BL BR 1
4 0 BL BR 0
4 5 TR BR 1
4 0 TR BR 0
5 0 TL BR 1
2 1 TR BL 0
4 2 TL BL 1
3 5 TR BR 0
3 0 TL BR 1
3 5 BL BR 0
GAMEOVER WINNER 0
# Game ended: Sat Apr 13 15:39:33 ICT 2019
