# Server version 0.08 running on XPS15:8123
# Game ID: 73
# Board class: pentago_swap.PentagoBoard
# Timeout: 2000
# First Move Timeout: 30000
# Date: Wed Apr 10 09:03:38 ICT 2019
# Player 1: Player-0, '260793376', running on localhost
# Player 2: Player-1, 'Human', running on localhost
START Player-0 260793376
START Player-1 Human
0 2 TR BL 0
4 1 TL TR 1
2 3 TR BR 0
3 2 BR TL 1
1 1 TL BL 0
2 3 TL BL 1
0 5 TL BR 0
5 0 BR TL 1
1 4 TR BR 0
2 1 BR BL 1
0 3 TL TR 0
GAMEOVER WINNER 0
# Game ended: Wed Apr 10 09:05:00 ICT 2019
