# Server version 0.08 running on XPS15:8123
# Game ID: 328
# Board class: pentago_swap.PentagoBoard
# Timeout: 2000
# First Move Timeout: 30000
# Date: Fri Apr 12 07:38:37 ICT 2019
# Player 1: Player-0, '260793376', running on localhost
# Player 2: Player-1, 'Human', running on localhost
START Player-0 260793376
START Player-1 Human
1 1 TR BL 0
0 0 TL BR 1
1 1 TR BL 0
3 2 BL BR 1
2 1 BL BR 0
3 1 BL TL 1
3 1 TL BR 0
2 1 TL BR 1
3 4 TR BL 0
GAMEOVER WINNER 0
# Game ended: Fri Apr 12 07:39:38 ICT 2019
