# Server version 0.08 running on XPS15:8123
# Game ID: 102
# Board class: pentago_swap.PentagoBoard
# Timeout: 2000
# First Move Timeout: 30000
# Date: Thu Apr 11 04:51:22 ICT 2019
# Player 1: Player-0, '260793376', running on localhost
# Player 2: Player-1, 'RandomPlayer', running on localhost
START Player-0 260793376
START Player-1 RandomPlayer
1 1 TR BL 0
0 1 TR BR 1
0 0 TR BL 0
3 3 TL TR 1
1 1 TL BL 0
2 0 BL BR 1
5 0 BL BR 0
3 4 TL BL 1
1 3 TR BL 0
5 4 BL BR 1
1 0 BL BR 0
2 5 TL TR 1
4 2 TL BL 0
GAMEOVER WINNER 0
# Game ended: Thu Apr 11 04:51:53 ICT 2019
