# Server version 0.08 running on XPS15:8123
# Game ID: 167
# Board class: pentago_swap.PentagoBoard
# Timeout: 2000
# First Move Timeout: 30000
# Date: Thu Apr 11 06:26:31 ICT 2019
# Player 1: Player-0, 'persistent', running on localhost
# Player 2: Player-1, '260793376', running on localhost
START Player-0 persistent
START Player-1 260793376
1 1 TR BL 0
4 1 TL TR 1
3 3 TR BR 0
1 4 TR BL 1
3 3 BL BR 0
0 3 TL TR 1
4 0 TR BL 0
4 1 TR BL 1
5 3 BL BR 0
4 0 TL TR 1
1 0 TR BR 0
4 2 TR BL 1
0 0 TL TR 0
1 5 TL TR 1
GAMEOVER WINNER 1
# Game ended: Thu Apr 11 06:27:40 ICT 2019
