# Server version 0.08 running on XPS15:8123
# Game ID: 587
# Board class: pentago_swap.PentagoBoard
# Timeout: 2000
# First Move Timeout: 30000
# Date: Sat Apr 13 14:42:11 ICT 2019
# Player 1: Player-0, 'persistent', running on localhost
# Player 2: Player-1, '260793376', running on localhost
START Player-0 persistent
START Player-1 260793376
1 3 TL BR 0
0 2 TL TR 1
5 0 TL TR 0
1 1 TR BL 1
4 1 TL BR 0
1 1 TL TR 1
4 3 TL BR 0
2 0 TL BR 1
5 0 TL BR 0
2 3 TL BL 1
GAMEOVER WINNER 1
# Game ended: Sat Apr 13 14:42:30 ICT 2019
