# Server version 0.08 running on XPS15:8123
# Game ID: 319
# Board class: pentago_swap.PentagoBoard
# Timeout: 2000
# First Move Timeout: 30000
# Date: Fri Apr 12 06:15:01 ICT 2019
# Player 1: Player-0, 'Human', running on localhost
# Player 2: Player-1, '260793376', running on localhost
START Player-0 Human
START Player-1 260793376
1 4 TR TL 0
1 3 TL TR 1
3 2 BL BR 0
4 4 BL BR 1
1 3 TR BR 0
1 4 TL BR 1
1 2 TL BR 0
1 1 TL BR 1
2 2 BR TL 0
1 2 TL TR 1
1 2 TL TR 0
1 3 BL BR 1
GAMEOVER WINNER 1
# Game ended: Fri Apr 12 06:16:26 ICT 2019
