# Server version 0.08 running on XPS15:8123
# Game ID: 428
# Board class: pentago_swap.PentagoBoard
# Timeout: 2000
# First Move Timeout: 30000
# Date: Sat Apr 13 12:46:53 ICT 2019
# Player 1: Player-0, '260793376', running on localhost
# Player 2: Player-1, 'explorer', running on localhost
START Player-0 260793376
START Player-1 explorer
1 3 BL BR 0
3 4 BL BR 1
5 3 BL BR 0
1 0 TR BR 1
4 0 TL TR 0
5 3 TL BR 1
3 0 TR BL 0
0 0 TR BL 1
4 3 BL BR 0
5 5 TL BL 1
2 0 TL TR 0
GAMEOVER WINNER 0
# Game ended: Sat Apr 13 12:47:14 ICT 2019
