# Server version 0.08 running on XPS15:8123
# Game ID: 482
# Board class: pentago_swap.PentagoBoard
# Timeout: 2000
# First Move Timeout: 30000
# Date: Sat Apr 13 13:08:52 ICT 2019
# Player 1: Player-0, 'exploit', running on localhost
# Player 2: Player-1, '260793376', running on localhost
START Player-0 exploit
START Player-1 260793376
0 2 BL BR 0
1 4 TL TR 1
1 5 TR BR 0
4 1 TL BR 1
3 2 TR BL 0
1 5 TL BR 1
2 1 TL BR 0
1 3 TL BR 1
4 0 TL BR 0
4 3 TR BL 1
GAMEOVER WINNER 1
# Game ended: Sat Apr 13 13:09:11 ICT 2019
