# Server version 0.08 running on XPS15:8123
# Game ID: 367
# Board class: pentago_swap.PentagoBoard
# Timeout: 2000
# First Move Timeout: 30000
# Date: Sat Apr 13 07:20:34 ICT 2019
# Player 1: Player-0, 'Human', running on localhost
# Player 2: Player-1, '260793376', running on localhost
START Player-0 Human
START Player-1 260793376
1 1 TL BR 0
0 0 TL BL 1
1 1 TL BL 0
1 0 TL BR 1
1 0 BL BR 0
1 4 BL BR 1
4 0 BL BR 0
1 3 TL BL 1
4 5 BR BL 0
GAMEOVER WINNER 0
# Game ended: Sat Apr 13 07:21:01 ICT 2019
