# Server version 0.08 running on XPS15:8123
# Game ID: 335
# Board class: pentago_swap.PentagoBoard
# Timeout: 2000
# First Move Timeout: 30000
# Date: Fri Apr 12 07:51:04 ICT 2019
# Player 1: Player-0, 'Human', running on localhost
# Player 2: Player-1, '260793376', running on localhost
START Player-0 Human
START Player-1 260793376
1 1 TR TL 0
3 0 TR BL 1
1 4 TR TL 0
3 1 TR BL 1
1 3 TR BL 0
0 1 BL BR 1
1 2 BL BR 0
0 2 BL BR 1
3 3 BR TR 0
0 5 TL TR 1
GAMEOVER WINNER 1
# Game ended: Fri Apr 12 07:51:47 ICT 2019
