# Server version 0.08 running on XPS15:8123
# Game ID: 64
# Board class: pentago_swap.PentagoBoard
# Timeout: 2000
# First Move Timeout: 30000
# Date: Wed Apr 10 08:42:32 ICT 2019
# Player 1: Player-0, '260793376', running on localhost
# Player 2: Player-1, 'RandomPlayer', running on localhost
START Player-0 260793376
START Player-1 RandomPlayer
0 2 TR BL 0
0 1 TR BR 1
5 0 TL BR 0
3 0 TL TR 1
1 4 BL BR 0
1 3 BL BR 1
0 3 TL TR 0
3 3 TL BL 1
GAMEOVER ILLEGAL MOVE: Player 0, Move: (3, 4), Swap: (TR, BR) WINNER 1
# Game ended: Wed Apr 10 08:42:33 ICT 2019
