# Server version 0.08 running on XPS15:8123
# Game ID: 399
# Board class: pentago_swap.PentagoBoard
# Timeout: 2000
# First Move Timeout: 30000
# Date: Sat Apr 13 11:40:16 ICT 2019
# Player 1: Player-0, '260793376', running on localhost
# Player 2: Player-1, 'Human', running on localhost
START Player-0 260793376
START Player-1 Human
4 4 TR BL 0
1 1 TL BR 1
5 3 TL BR 0
1 4 TR BR 1
1 0 TR BL 0
2 1 TL BL 1
1 0 TR BL 0
5 4 TR TL 1
0 3 TL BL 0
3 4 BL TR 1
GAMEOVER WINNER 1
# Game ended: Sat Apr 13 11:40:46 ICT 2019
