# Server version 0.08 running on XPS15:8123
# Game ID: 248
# Board class: pentago_swap.PentagoBoard
# Timeout: 2000
# First Move Timeout: 30000
# Date: Thu Apr 11 07:59:15 ICT 2019
# Player 1: Player-0, 'persistent', running on localhost
# Player 2: Player-1, '260793376', running on localhost
START Player-0 persistent
START Player-1 260793376
1 1 TR BL 0
4 1 TL TR 1
3 3 TR BR 0
1 4 TR BL 1
1 1 TL BL 0
1 5 BL BR 1
0 2 TR BL 0
1 2 BL BR 1
1 0 TL BR 0
1 0 TL BR 1
5 0 BL BR 0
0 1 TR BL 1
GAMEOVER WINNER 1
# Game ended: Thu Apr 11 08:00:20 ICT 2019
