# Server version 0.08 running on XPS15:8123
# Game ID: 694
# Board class: pentago_swap.PentagoBoard
# Timeout: 2000
# First Move Timeout: 30000
# Date: Sat Apr 13 15:46:09 ICT 2019
# Player 1: Player-0, 'penalty', running on localhost
# Player 2: Player-1, '260793376', running on localhost
START Player-0 penalty
START Player-1 260793376
4 3 TR BL 0
3 1 TR BR 1
2 2 TR BR 0
4 1 TL BR 1
2 0 BL BR 0
1 4 TL BL 1
5 4 TL BR 0
2 2 TR BR 1
3 0 TL BL 0
3 0 TL BL 1
3 3 TL TR 0
5 5 TR BR 1
1 3 BL BR 0
2 3 BL BR 1
2 0 BL BR 0
1 0 BL BR 1
0 1 TL BR 0
3 3 TL BR 1
0 2 BL BR 0
5 4 BL BR 1
3 1 BL BR 0
3 5 TL TR 1
5 0 TL TR 0
0 4 BL BR 1
2 1 TL BL 0
GAMEOVER WINNER 0
# Game ended: Sat Apr 13 15:46:56 ICT 2019
