# Server version 0.08 running on XPS15:8123
# Game ID: 81
# Board class: pentago_swap.PentagoBoard
# Timeout: 2000
# First Move Timeout: 30000
# Date: Wed Apr 10 09:58:39 ICT 2019
# Player 1: Player-0, 'RandomPlayer', running on localhost
# Player 2: Player-1, '260793376', running on localhost
START Player-0 RandomPlayer
START Player-1 260793376
5 2 TR BR 0
4 3 TR BL 1
0 3 TL TR 0
4 2 TL BL 1
3 5 BL BR 0
0 4 TR BL 1
2 1 TL BL 0
1 2 TL BR 1
5 3 BL BR 0
0 4 TL BR 1
2 0 TL TR 0
4 1 TL BR 1
0 1 BL BR 0
4 1 TR BL 1
4 3 TR BR 0
2 4 TL TR 1
1 5 TL BR 0
1 2 TL TR 1
4 1 TR BR 0
GAMEOVER WINNER 1
# Game ended: Wed Apr 10 09:58:41 ICT 2019
