# Server version 0.08 running on XPS15:8123
# Game ID: 652
# Board class: pentago_swap.PentagoBoard
# Timeout: 2000
# First Move Timeout: 30000
# Date: Sat Apr 13 15:12:24 ICT 2019
# Player 1: Player-0, '260793376', running on localhost
# Player 2: Player-1, 'persistent', running on localhost
START Player-0 260793376
START Player-1 persistent
1 3 TL BR 0
0 0 TL TR 1
5 2 TR BR 0
4 3 TL BR 1
1 1 BL BR 0
0 1 TR BL 1
1 4 TR BL 0
0 2 TL BR 1
4 2 TL BR 0
1 2 TR BR 1
1 4 TL BL 0
2 1 TL TR 1
1 0 TL TR 0
GAMEOVER WINNER 0
# Game ended: Sat Apr 13 15:12:51 ICT 2019
