# Server version 0.08 running on XPS15:8123
# Game ID: 100
# Board class: pentago_swap.PentagoBoard
# Timeout: 2000
# First Move Timeout: 30000
# Date: Thu Apr 11 04:44:28 ICT 2019
# Player 1: Player-0, '260793376', running on localhost
# Player 2: Player-1, 'RandomPlayer', running on localhost
START Player-0 260793376
START Player-1 RandomPlayer
1 0 TL BR 0
0 1 TR BR 1
2 2 TR BR 0
3 2 TL TR 1
2 3 TR BL 0
1 4 BL BR 1
5 4 TR BR 0
3 3 TL BL 1
5 1 BL BR 0
5 3 BL BR 1
5 2 TL BL 0
GAMEOVER WINNER 0
# Game ended: Thu Apr 11 04:44:37 ICT 2019
