# Server version 0.08 running on XPS15:8123
# Game ID: 563
# Board class: pentago_swap.PentagoBoard
# Timeout: 2000
# First Move Timeout: 30000
# Date: Sat Apr 13 14:33:40 ICT 2019
# Player 1: Player-0, 'persistent', running on localhost
# Player 2: Player-1, '260793376', running on localhost
START Player-0 persistent
START Player-1 260793376
1 1 BL BR 0
0 3 TR BL 1
4 4 BL BR 0
1 4 TR BL 1
4 4 TL BR 0
1 0 TR BR 1
3 4 TR BR 0
2 0 TL BL 1
2 4 TL TR 0
1 3 TL BR 1
2 1 TL TR 0
GAMEOVER WINNER 0
# Game ended: Sat Apr 13 14:34:01 ICT 2019
