# Server version 0.08 running on XPS15:8123
# Game ID: 393
# Board class: pentago_swap.PentagoBoard
# Timeout: 2000
# First Move Timeout: 30000
# Date: Sat Apr 13 11:30:30 ICT 2019
# Player 1: Player-0, '260793376', running on localhost
# Player 2: Player-1, 'Human', running on localhost
START Player-0 260793376
START Player-1 Human
3 3 TL TR 0
1 1 TL BR 1
0 5 TL TR 0
4 1 TL BL 1
2 5 TR BL 0
1 0 TR BL 1
3 4 BL BR 0
4 0 BL BR 1
5 1 TL TR 0
1 5 TR BL 1
GAMEOVER WINNER 1
# Game ended: Sat Apr 13 11:30:57 ICT 2019
