# Server version 0.08 running on XPS15:8123
# Game ID: 544
# Board class: pentago_swap.PentagoBoard
# Timeout: 2000
# First Move Timeout: 30000
# Date: Sat Apr 13 14:26:44 ICT 2019
# Player 1: Player-0, 'persistent', running on localhost
# Player 2: Player-1, '260793376', running on localhost
START Player-0 persistent
START Player-1 260793376
1 0 TL BR 0
0 4 TL BR 1
5 2 TR BR 0
4 4 BL BR 1
0 0 TR BL 0
3 4 TR BL 1
1 1 BL BR 0
4 1 TL BR 1
1 3 BL BR 0
2 1 TL TR 1
GAMEOVER WINNER 1
# Game ended: Sat Apr 13 14:27:03 ICT 2019
