# Server version 0.08 running on XPS15:8123
# Game ID: 505
# Board class: pentago_swap.PentagoBoard
# Timeout: 2000
# First Move Timeout: 30000
# Date: Sat Apr 13 13:16:59 ICT 2019
# Player 1: Player-0, '260793376', running on localhost
# Player 2: Player-1, 'exploit', running on localhost
START Player-0 260793376
START Player-1 exploit
1 3 BL BR 0
1 5 TL BR 1
1 4 TL TR 0
0 1 TL BR 1
5 3 BL BR 0
1 5 TL BL 1
1 3 TR BL 0
4 5 TR BR 1
3 0 BL BR 0
3 4 BL BR 1
0 0 TR BR 0
GAMEOVER WINNER 0
# Game ended: Sat Apr 13 13:17:20 ICT 2019
