# Server version 0.08 running on XPS15:8123
# Game ID: 520
# Board class: pentago_swap.PentagoBoard
# Timeout: 2000
# First Move Timeout: 30000
# Date: Sat Apr 13 13:22:54 ICT 2019
# Player 1: Player-0, 'exploit', running on localhost
# Player 2: Player-1, '260793376', running on localhost
START Player-0 exploit
START Player-1 260793376
0 1 TR BL 0
4 3 TL BR 1
4 1 TL TR 0
2 4 TR BL 1
4 4 TL BR 0
2 1 TL TR 1
5 4 BL BR 0
1 3 BL BR 1
3 4 TL BR 0
0 2 TL BL 1
4 1 BL BR 0
4 3 TL TR 1
3 1 TL BR 0
GAMEOVER WINNER 0
# Game ended: Sat Apr 13 13:23:18 ICT 2019
