# Server version 0.08 running on XPS15:8123
# Game ID: 268
# Board class: pentago_swap.PentagoBoard
# Timeout: 2000
# First Move Timeout: 30000
# Date: Thu Apr 11 08:19:34 ICT 2019
# Player 1: Player-0, '260793376', running on localhost
# Player 2: Player-1, 'time', running on localhost
START Player-0 260793376
START Player-1 time
5 2 TR BR 0
5 3 BL BR 1
0 3 TL TR 0
2 4 TR BL 1
3 5 BL BR 0
5 1 BL BR 1
1 5 TL BL 0
4 3 TL TR 1
5 1 BL BR 0
0 2 TL BL 1
1 4 TL TR 0
1 0 TR BR 1
GAMEOVER WINNER 1
# Game ended: Thu Apr 11 08:20:08 ICT 2019
