# Server version 0.08 running on XPS15:8123
# Game ID: 141
# Board class: pentago_swap.PentagoBoard
# Timeout: 2000
# First Move Timeout: 30000
# Date: Thu Apr 11 05:54:16 ICT 2019
# Player 1: Player-0, 'persistent', running on localhost
# Player 2: Player-1, '260793376', running on localhost
START Player-0 persistent
START Player-1 260793376
1 1 TR BL 0
4 1 TL TR 1
5 2 TR BL 0
4 4 TR BR 1
4 0 TL BL 0
2 4 TR BR 1
4 1 BL BR 0
2 4 TL TR 1
3 1 TL BR 0
3 4 TR BL 1
GAMEOVER WINNER 1
# Game ended: Thu Apr 11 05:55:20 ICT 2019
