# Server version 0.08 running on XPS15:8123
# Game ID: 356
# Board class: pentago_swap.PentagoBoard
# Timeout: 2000
# First Move Timeout: 30000
# Date: Sat Apr 13 07:07:14 ICT 2019
# Player 1: Player-0, 'Human', running on localhost
# Player 2: Player-1, '260793376', running on localhost
START Player-0 Human
START Player-1 260793376
1 1 TL BR 0
1 0 TR BR 1
4 4 TR TL 0
2 4 TR BL 1
1 0 BL TR 0
3 5 TL BL 1
4 3 BR TL 0
2 5 TL BR 1
4 5 BR BL 0
GAMEOVER WINNER 0
# Game ended: Sat Apr 13 07:07:44 ICT 2019
