# Server version 0.08 running on XPS15:8123
# Game ID: 540
# Board class: pentago_swap.PentagoBoard
# Timeout: 2000
# First Move Timeout: 30000
# Date: Sat Apr 13 14:24:57 ICT 2019
# Player 1: Player-0, '260793376', running on localhost
# Player 2: Player-1, 'persistent', running on localhost
START Player-0 260793376
START Player-1 persistent
4 4 TL TR 0
1 0 TR BR 1
1 1 TR BL 0
2 2 BL BR 1
2 1 TL BL 0
5 0 BL BR 1
3 4 TL BR 0
0 0 BL BR 1
3 4 TL TR 0
GAMEOVER WINNER 0
# Game ended: Sat Apr 13 14:25:12 ICT 2019
