# Server version 0.08 running on XPS15:8123
# Game ID: 321
# Board class: pentago_swap.PentagoBoard
# Timeout: 2000
# First Move Timeout: 30000
# Date: Fri Apr 12 06:20:01 ICT 2019
# Player 1: Player-0, 'Human', running on localhost
# Player 2: Player-1, '260793376', running on localhost
START Player-0 Human
START Player-1 260793376
0 0 TL BR 0
2 3 BL BR 1
3 2 BL TL 0
5 4 TL BR 1
3 4 BR TR 0
1 0 BL BR 1
3 5 BR BL 0
4 0 TR BL 1
0 4 TR BL 0
0 0 TL TR 1
3 0 BL TR 0
GAMEOVER WINNER 0
# Game ended: Fri Apr 12 06:21:34 ICT 2019
