# Server version 0.08 running on XPS15:8123
# Game ID: 14
# Board class: pentago_swap.PentagoBoard
# Timeout: 2000
# First Move Timeout: 30000
# Date: Tue Apr 09 08:00:12 ICT 2019
# Player 1: Player-0, '260793376', running on localhost
# Player 2: Player-1, 'RandomPlayer', running on localhost
START Player-0 260793376
START Player-1 RandomPlayer
4 2 TR BL 0
0 1 TR BR 1
3 3 TR BR 0
3 3 TL TR 1
3 5 TL TR 0
2 0 BL BR 1
5 1 BL BR 0
3 4 TL BL 1
2 0 TL BL 0
5 3 BL BR 1
2 1 BL BR 0
3 1 TL TR 1
1 0 TL TR 0
1 0 BL BR 1
2 5 BL BR 0
5 1 TR BR 1
5 3 TR BR 0
1 2 TL BR 1
4 1 TL BR 0
4 2 TR BR 1
2 5 TR BR 0
2 4 TL TR 1
1 4 TL TR 0
3 2 TR BR 1
5 2 TR BR 0
4 3 BL BR 1
GAMEOVER WINNER 1
# Game ended: Tue Apr 09 08:00:13 ICT 2019
