# Server version 0.08 running on XPS15:8123
# Game ID: 379
# Board class: pentago_swap.PentagoBoard
# Timeout: 2000
# First Move Timeout: 30000
# Date: Sat Apr 13 11:10:43 ICT 2019
# Player 1: Player-0, 'Human', running on localhost
# Player 2: Player-1, '260793376', running on localhost
START Player-0 Human
START Player-1 260793376
1 1 TL BR 0
3 0 TL BR 1
1 4 TR BR 0
1 4 TL TR 1
1 3 TR TL 0
4 3 TL BR 1
4 5 TR BL 0
1 2 BL BR 1
2 1 TL BR 0
1 4 TR BR 1
5 5 BR TL 0
1 0 TR BR 1
1 2 TL TR 0
2 3 BL BR 1
3 1 TL TR 0
3 0 TR BR 1
GAMEOVER WINNER 1
# Game ended: Sat Apr 13 11:12:17 ICT 2019
