# Server version 0.08 running on XPS15:8123
# Game ID: 75
# Board class: pentago_swap.PentagoBoard
# Timeout: 2000
# First Move Timeout: 30000
# Date: Wed Apr 10 09:11:35 ICT 2019
# Player 1: Player-0, '260793376', running on localhost
# Player 2: Player-1, '260793376', running on localhost
START Player-0 260793376
START Player-1 260793376
0 2 TR BL 0
3 0 TL BR 1
2 2 TL TR 0
2 0 TL TR 1
4 5 TL BL 0
1 4 TL BL 1
0 0 TL BR 0
4 4 TR BR 1
5 4 TL TR 0
3 5 TL BL 1
2 0 TL TR 0
3 1 TR BR 1
0 0 TL BL 0
0 2 TL TR 1
0 0 TR BR 0
0 1 TL TR 1
0 1 BL BR 0
GAMEOVER WINNER 1
# Game ended: Wed Apr 10 09:11:38 ICT 2019
