# Server version 0.08 running on XPS15:8123
# Game ID: 510
# Board class: pentago_swap.PentagoBoard
# Timeout: 2000
# First Move Timeout: 30000
# Date: Sat Apr 13 13:18:43 ICT 2019
# Player 1: Player-0, 'exploit', running on localhost
# Player 2: Player-1, '260793376', running on localhost
START Player-0 exploit
START Player-1 260793376
0 0 TR BR 0
1 4 TL TR 1
2 1 TL BR 0
4 1 TL BR 1
4 0 TR BL 0
1 0 TR BR 1
4 5 TR BL 0
5 5 TL BR 1
5 5 TL BL 0
1 4 TL BL 1
4 5 TR BR 0
2 1 TL BR 1
3 4 TL TR 0
3 3 TR BR 1
3 1 TR BL 0
1 3 TR BL 1
0 2 TR BL 0
3 2 TR BL 1
4 2 TR BL 0
4 3 BL BR 1
0 5 TR BL 0
GAMEOVER WINNER 0
# Game ended: Sat Apr 13 13:19:23 ICT 2019
