# Server version 0.08 running on XPS15:8123
# Game ID: 411
# Board class: pentago_swap.PentagoBoard
# Timeout: 2000
# First Move Timeout: 30000
# Date: Sat Apr 13 12:17:58 ICT 2019
# Player 1: Player-0, '260793376', running on localhost
# Player 2: Player-1, 'Human', running on localhost
START Player-0 260793376
START Player-1 Human
1 1 TR BL 0
4 4 TR BL 1
4 5 TL BR 0
1 4 TR BR 1
0 2 TR BR 0
0 1 TL BL 1
5 1 BL BR 0
0 4 TR TL 1
2 1 TL BR 0
2 2 TR BL 1
4 5 TL BR 0
2 2 TL BL 1
0 3 TR BR 0
GAMEOVER WINNER 0
# Game ended: Sat Apr 13 12:19:07 ICT 2019
