# Server version 0.08 running on XPS15:8123
# Game ID: 370
# Board class: pentago_swap.PentagoBoard
# Timeout: 2000
# First Move Timeout: 30000
# Date: Sat Apr 13 07:25:23 ICT 2019
# Player 1: Player-0, '260793376', running on localhost
# Player 2: Player-1, 'Human', running on localhost
START Player-0 260793376
START Player-1 Human
1 0 TL BR 0
1 1 TL BR 1
2 0 TL BR 0
4 1 BL BR 1
3 0 TL BL 0
4 0 BL TL 1
1 3 TL BR 0
2 3 TR BL 1
3 0 TL TR 0
GAMEOVER WINNER 0
# Game ended: Sat Apr 13 07:25:53 ICT 2019
