# Server version 0.08 running on XPS15:8123
# Game ID: 184
# Board class: pentago_swap.PentagoBoard
# Timeout: 2000
# First Move Timeout: 30000
# Date: Thu Apr 11 06:45:46 ICT 2019
# Player 1: Player-0, 'persistent', running on localhost
# Player 2: Player-1, '260793376', running on localhost
START Player-0 persistent
START Player-1 260793376
1 1 TR BL 0
4 1 TL TR 1
5 0 TR BR 0
3 3 TR BL 1
1 0 TL TR 0
3 5 TL BR 1
3 4 TL BL 0
2 2 BL BR 1
3 0 TR BL 0
5 5 TL BR 1
4 2 TL TR 0
2 2 TL TR 1
4 1 TR BL 0
1 2 TR BR 1
1 0 BL BR 0
1 5 TR BL 1
5 4 TL TR 0
GAMEOVER WINNER 0
# Game ended: Thu Apr 11 06:47:00 ICT 2019
