# Server version 0.08 running on XPS15:8123
# Game ID: 688
# Board class: pentago_swap.PentagoBoard
# Timeout: 2000
# First Move Timeout: 30000
# Date: Sat Apr 13 15:43:13 ICT 2019
# Player 1: Player-0, 'penalty', running on localhost
# Player 2: Player-1, '260793376', running on localhost
START Player-0 penalty
START Player-1 260793376
4 0 BL BR 0
3 1 TR BR 1
2 2 BL BR 0
4 4 TL BR 1
4 5 TL TR 0
2 4 TR BL 1
3 5 TR BL 0
4 1 TL BL 1
0 0 TL BR 0
3 4 TL BL 1
GAMEOVER WINNER 1
# Game ended: Sat Apr 13 15:43:32 ICT 2019
