# Server version 0.08 running on XPS15:8123
# Game ID: 48
# Board class: pentago_swap.PentagoBoard
# Timeout: 2000
# First Move Timeout: 30000
# Date: Wed Apr 10 06:02:19 ICT 2019
# Player 1: Player-0, '260793376', running on localhost
# Player 2: Player-1, 'RandomPlayer', running on localhost
START Player-0 260793376
START Player-1 RandomPlayer
1 0 BL BR 0
0 1 TR BR 1
0 3 TR BL 0
3 3 TL TR 1
1 4 TL TR 0
2 0 BL BR 1
0 4 TL BL 0
3 2 TL BL 1
3 5 TR BL 0
5 4 BL BR 1
1 3 TL BR 0
2 5 TL TR 1
GAMEOVER ILLEGAL MOVE: Player 0, Move: (0, 4), Swap: (TL, BR) WINNER 1
# Game ended: Wed Apr 10 06:02:20 ICT 2019
