# Server version 0.08 running on XPS15:8123
# Game ID: 412
# Board class: pentago_swap.PentagoBoard
# Timeout: 2000
# First Move Timeout: 30000
# Date: Sat Apr 13 12:19:14 ICT 2019
# Player 1: Player-0, '260793376', running on localhost
# Player 2: Player-1, 'Human', running on localhost
START Player-0 260793376
START Player-1 Human
4 4 TL TR 0
1 1 TL BR 1
5 3 TL BR 0
1 4 TR BR 1
0 4 TL BR 0
1 2 BL TR 1
4 3 TR BR 0
1 5 TR BR 1
1 0 TR BL 0
3 3 TL BL 1
3 1 TL BL 0
2 2 TL BL 1
1 3 TR BR 0
3 2 TL TR 1
2 2 TR BR 0
GAMEOVER WINNER 0
# Game ended: Sat Apr 13 12:20:42 ICT 2019
