# Server version 0.08 running on XPS15:8123
# Game ID: 31
# Board class: pentago_swap.PentagoBoard
# Timeout: 300000
# First Move Timeout: 30000
# Date: Tue Apr 09 09:10:45 ICT 2019
# Player 1: Player-0, 'RandomPlayer', running on localhost
# Player 2: Player-1, '260793376', running on localhost
START Player-0 RandomPlayer
START Player-1 260793376
5 2 TR BR 0
4 2 TR BL 1
0 3 TL TR 0
1 4 TR BR 1
4 0 BL BR 0
1 4 TL TR 1
2 1 TL BL 0
3 1 BL BR 1
5 2 BL BR 0
5 3 TL BL 1
2 0 TL TR 0
5 0 BL BR 1
0 1 BL BR 0
3 4 TL TR 1
4 5 TR BR 0
3 5 BL BR 1
1 2 TL BR 0
1 0 TR BR 1
5 0 TR BR 0
0 5 TL BR 1
5 1 TL TR 0
4 5 TR BR 1
GAMEOVER WINNER 0
# Game ended: Tue Apr 09 09:10:46 ICT 2019
