# Server version 0.08 running on XPS15:8123
# Game ID: 552
# Board class: pentago_swap.PentagoBoard
# Timeout: 2000
# First Move Timeout: 30000
# Date: Sat Apr 13 14:29:30 ICT 2019
# Player 1: Player-0, '260793376', running on localhost
# Player 2: Player-1, 'persistent', running on localhost
START Player-0 260793376
START Player-1 persistent
1 1 BL BR 0
2 0 TR BL 1
1 2 TL BR 0
4 1 TL BR 1
4 4 TL BR 0
4 3 TR BR 1
1 0 TR BL 0
3 3 TL BR 1
4 5 TL TR 0
GAMEOVER WINNER 0
# Game ended: Sat Apr 13 14:29:47 ICT 2019
