# Server version 0.08 running on XPS15:8123
# Game ID: 212
# Board class: pentago_swap.PentagoBoard
# Timeout: 2000
# First Move Timeout: 30000
# Date: Thu Apr 11 07:18:10 ICT 2019
# Player 1: Player-0, 'persistent', running on localhost
# Player 2: Player-1, '260793376', running on localhost
START Player-0 persistent
START Player-1 260793376
1 1 BL BR 0
4 1 TL TR 1
3 3 TR BR 0
1 4 TR BL 1
1 1 TL BL 0
3 2 TL BR 1
3 4 TR BR 0
4 5 TL BL 1
0 1 TR BL 0
4 3 TL BL 1
2 3 TR BL 0
1 0 BL BR 1
5 4 TR BR 0
4 5 TL BR 1
GAMEOVER WINNER 1
# Game ended: Thu Apr 11 07:19:18 ICT 2019
