# Server version 0.08 running on XPS15:8123
# Game ID: 292
# Board class: pentago_swap.PentagoBoard
# Timeout: 2000
# First Move Timeout: 30000
# Date: Thu Apr 11 08:44:04 ICT 2019
# Player 1: Player-0, '260793376', running on localhost
# Player 2: Player-1, 'time', running on localhost
START Player-0 260793376
START Player-1 time
1 0 TL BR 0
1 1 TL BL 1
5 4 TL BL 0
4 2 TL BL 1
4 4 TR BL 0
2 5 BL BR 1
4 4 TL BL 0
4 1 TL TR 1
5 4 TL BR 0
4 3 BL BR 1
0 1 TL BR 0
GAMEOVER WINNER 0
# Game ended: Thu Apr 11 08:44:41 ICT 2019
