# Server version 0.08 running on XPS15:8123
# Game ID: 640
# Board class: pentago_swap.PentagoBoard
# Timeout: 2000
# First Move Timeout: 30000
# Date: Sat Apr 13 15:07:06 ICT 2019
# Player 1: Player-0, '260793376', running on localhost
# Player 2: Player-1, 'persistent', running on localhost
START Player-0 260793376
START Player-1 persistent
1 1 BL BR 0
4 3 TL BR 1
1 1 BL BR 0
2 0 TL TR 1
1 1 TL BL 0
4 0 TL BL 1
0 3 TL BL 0
5 0 BL BR 1
3 3 TL BR 0
2 5 TL TR 1
2 5 TL BR 0
5 4 TR BR 1
0 0 TL BR 0
GAMEOVER WINNER 0
# Game ended: Sat Apr 13 15:07:33 ICT 2019
