# Server version 0.08 running on XPS15:8123
# Game ID: 550
# Board class: pentago_swap.PentagoBoard
# Timeout: 2000
# First Move Timeout: 30000
# Date: Sat Apr 13 14:28:37 ICT 2019
# Player 1: Player-0, '260793376', running on localhost
# Player 2: Player-1, 'persistent', running on localhost
START Player-0 260793376
START Player-1 persistent
4 4 TL TR 0
3 0 TL BR 1
1 4 TR BL 0
4 3 TR BL 1
4 4 TR BL 0
1 3 TL BR 1
2 1 TR BR 0
5 3 BL BR 1
5 4 TR BR 0
0 0 TL BL 1
GAMEOVER WINNER 1
# Game ended: Sat Apr 13 14:28:56 ICT 2019
