# Server version 0.08 running on XPS15:8123
# Game ID: 196
# Board class: pentago_swap.PentagoBoard
# Timeout: 2000
# First Move Timeout: 30000
# Date: Thu Apr 11 07:00:12 ICT 2019
# Player 1: Player-0, 'persistent', running on localhost
# Player 2: Player-1, '260793376', running on localhost
START Player-0 persistent
START Player-1 260793376
1 1 TR BL 0
4 1 TL TR 1
5 0 TR BR 0
3 0 TL BL 1
1 0 TR BL 0
3 5 TL BR 1
5 2 BL BR 0
3 1 TL BL 1
2 5 TL BL 0
3 2 TL BL 1
0 4 TL BL 0
0 1 TR BL 1
GAMEOVER WINNER 1
# Game ended: Thu Apr 11 07:01:17 ICT 2019
