# Server version 0.08 running on XPS15:8123
# Game ID: 394
# Board class: pentago_swap.PentagoBoard
# Timeout: 2000
# First Move Timeout: 30000
# Date: Sat Apr 13 11:31:37 ICT 2019
# Player 1: Player-0, '260793376', running on localhost
# Player 2: Player-1, 'Human', running on localhost
START Player-0 260793376
START Player-1 Human
1 1 TR BL 0
1 4 TR BR 1
5 3 TL BL 0
1 4 TR TL 1
4 3 TL BR 0
1 2 TR BL 1
1 3 BL BR 0
4 2 TR TL 1
4 0 TL BL 0
4 4 BR BL 1
0 3 TL TR 0
3 3 BL BR 1
0 3 TR BL 0
GAMEOVER WINNER 0
# Game ended: Sat Apr 13 11:32:41 ICT 2019
