# Server version 0.08 running on XPS15:8123
# Game ID: 257
# Board class: pentago_swap.PentagoBoard
# Timeout: 2000
# First Move Timeout: 30000
# Date: Thu Apr 11 08:12:40 ICT 2019
# Player 1: Player-0, 'time', running on localhost
# Player 2: Player-1, '260793376', running on localhost
START Player-0 time
START Player-1 260793376
1 1 TR BL 0
0 1 TR BR 1
5 4 TL BR 0
3 1 TL TR 1
4 2 TR BR 0
1 5 BL BR 1
2 1 BL BR 0
3 4 TL BL 1
2 3 TL BR 0
5 4 BL BR 1
0 0 TR BR 0
3 0 TL TR 1
5 4 TL TR 0
1 0 BL BR 1
5 2 TR BL 0
5 2 TR BR 1
2 2 TL BL 0
GAMEOVER WINNER 0
# Game ended: Thu Apr 11 08:13:19 ICT 2019
