# Server version 0.08 running on XPS15:8123
# Game ID: 77
# Board class: pentago_swap.PentagoBoard
# Timeout: 300000
# First Move Timeout: 30000
# Date: Wed Apr 10 09:47:31 ICT 2019
# Player 1: Player-0, '260793376', running on localhost
# Player 2: Player-1, 'RandomPlayer', running on localhost
START Player-0 260793376
START Player-1 RandomPlayer
0 2 TR BL 0
0 1 TR BR 1
1 2 TR BL 0
3 3 TL TR 1
4 3 TL BL 0
2 0 BL BR 1
0 2 TR BL 0
3 5 TL BL 1
4 3 TL BL 0
5 4 BL BR 1
2 4 TL BR 0
3 3 TL TR 1
1 3 TR BL 0
1 1 BL BR 1
5 4 TL BR 0
GAMEOVER WINNER 0
# Game ended: Wed Apr 10 09:47:37 ICT 2019
