# Server version 0.08 running on XPS15:8123
# Game ID: 303
# Board class: pentago_swap.PentagoBoard
# Timeout: 2000
# First Move Timeout: 30000
# Date: Thu Apr 11 08:51:21 ICT 2019
# Player 1: Player-0, 'time', running on localhost
# Player 2: Player-1, '260793376', running on localhost
START Player-0 time
START Player-1 260793376
1 1 TR BL 0
0 4 TL BL 1
2 5 TL TR 0
1 1 TL BL 1
4 0 TL BR 0
1 4 TR BR 1
5 0 BL BR 0
5 4 BL BR 1
0 3 TL TR 0
3 4 TR BL 1
GAMEOVER WINNER 1
# Game ended: Thu Apr 11 08:51:57 ICT 2019
