# Server version 0.08 running on XPS15:8123
# Game ID: 643
# Board class: pentago_swap.PentagoBoard
# Timeout: 2000
# First Move Timeout: 30000
# Date: Sat Apr 13 15:08:23 ICT 2019
# Player 1: Player-0, 'persistent', running on localhost
# Player 2: Player-1, '260793376', running on localhost
START Player-0 persistent
START Player-1 260793376
1 1 TR BL 0
0 3 TR BL 1
1 4 TR BL 0
4 4 TR BL 1
1 3 TL BR 0
0 4 TL TR 1
4 3 TL BR 0
4 5 BL BR 1
1 2 TR BL 0
GAMEOVER WINNER 0
# Game ended: Sat Apr 13 15:08:44 ICT 2019
