# Server version 0.08 running on XPS15:8123
# Game ID: 304
# Board class: pentago_swap.PentagoBoard
# Timeout: 2000
# First Move Timeout: 30000
# Date: Thu Apr 11 08:51:58 ICT 2019
# Player 1: Player-0, '260793376', running on localhost
# Player 2: Player-1, 'time', running on localhost
START Player-0 260793376
START Player-1 time
1 0 TL BR 0
1 1 TL BL 1
5 4 TL BL 0
2 3 TL BR 1
5 1 TL BR 0
3 0 TR BR 1
1 4 TL BL 0
3 0 BL BR 1
1 0 TR BR 0
1 3 TL TR 1
3 2 TL TR 0
GAMEOVER WINNER 0
# Game ended: Thu Apr 11 08:52:36 ICT 2019
