# Server version 0.08 running on XPS15:8123
# Game ID: 697
# Board class: pentago_swap.PentagoBoard
# Timeout: 2000
# First Move Timeout: 30000
# Date: Sat Apr 13 15:48:37 ICT 2019
# Player 1: Player-0, '260793376', running on localhost
# Player 2: Player-1, 'penalty', running on localhost
START Player-0 260793376
START Player-1 penalty
0 2 TR BR 0
2 0 TL TR 1
0 3 TR BR 0
3 4 BL BR 1
1 1 BL BR 0
3 1 TL BR 1
1 1 BL BR 0
5 2 TL BR 1
5 0 TL BR 0
3 2 TL BL 1
5 2 TL BR 0
3 4 TR BR 1
0 0 TR BR 0
4 5 TR BR 1
1 1 TL BL 0
5 2 TL BL 1
4 4 TL BL 0
4 2 TL BL 1
3 3 TL BL 0
GAMEOVER WINNER 0
# Game ended: Sat Apr 13 15:49:13 ICT 2019
