# Server version 0.08 running on XPS15:8123
# Game ID: 374
# Board class: pentago_swap.PentagoBoard
# Timeout: 2000
# First Move Timeout: 30000
# Date: Sat Apr 13 07:28:55 ICT 2019
# Player 1: Player-0, 'Human', running on localhost
# Player 2: Player-1, '260793376', running on localhost
START Player-0 Human
START Player-1 260793376
1 1 TL BR 0
4 0 BL BR 1
1 4 BR TL 0
5 4 TL TR 1
4 0 TL BR 0
0 4 TL BR 1
1 0 BL BR 0
2 4 TR BR 1
1 2 TL TR 0
4 1 BL BR 1
1 2 BR BL 0
GAMEOVER WINNER 0
# Game ended: Sat Apr 13 07:29:30 ICT 2019
