# Server version 0.08 running on XPS15:8123
# Game ID: 655
# Board class: pentago_swap.PentagoBoard
# Timeout: 2000
# First Move Timeout: 30000
# Date: Sat Apr 13 15:13:55 ICT 2019
# Player 1: Player-0, 'persistent', running on localhost
# Player 2: Player-1, '260793376', running on localhost
START Player-0 persistent
START Player-1 260793376
1 1 TR BL 0
0 3 TR BL 1
4 4 BL BR 0
4 3 TL TR 1
4 0 TL BR 0
1 3 TL BR 1
2 2 TL TR 0
5 3 TR BL 1
2 0 TR BL 0
0 0 TL BR 1
1 4 TL BR 0
0 3 TL BR 1
2 1 TR BR 0
0 1 TR BL 1
GAMEOVER WINNER 1
# Game ended: Sat Apr 13 15:14:25 ICT 2019
