# Server version 0.08 running on XPS15:8123
# Game ID: 390
# Board class: pentago_swap.PentagoBoard
# Timeout: 2000
# First Move Timeout: 30000
# Date: Sat Apr 13 11:27:42 ICT 2019
# Player 1: Player-0, '260793376', running on localhost
# Player 2: Player-1, 'Human', running on localhost
START Player-0 260793376
START Player-1 Human
1 1 TR BL 0
4 4 BR TL 1
2 0 TR BL 0
4 1 BL BR 1
1 0 TR BR 0
2 1 TR BR 1
4 3 TL TR 0
5 4 TR TL 1
2 3 TL BR 0
3 4 BR BL 1
GAMEOVER WINNER 1
# Game ended: Sat Apr 13 11:28:24 ICT 2019
