# Server version 0.08 running on XPS15:8123
# Game ID: 388
# Board class: pentago_swap.PentagoBoard
# Timeout: 2000
# First Move Timeout: 30000
# Date: Sat Apr 13 11:25:25 ICT 2019
# Player 1: Player-0, '260793376', running on localhost
# Player 2: Player-1, 'Human', running on localhost
START Player-0 260793376
START Player-1 Human
3 3 TL TR 0
1 1 TL BR 1
5 4 TL BR 0
4 1 BL TR 1
0 0 TL TR 0
1 3 TR BR 1
0 0 TL TR 0
1 3 TR TL 1
0 1 TL TR 0
1 5 BR TL 1
0 1 TL TR 0
GAMEOVER WINNER 1
# Game ended: Sat Apr 13 11:25:58 ICT 2019
