# Server version 0.08 running on XPS15:8123
# Game ID: 385
# Board class: pentago_swap.PentagoBoard
# Timeout: 2000
# First Move Timeout: 30000
# Date: Sat Apr 13 11:17:56 ICT 2019
# Player 1: Player-0, 'Human', running on localhost
# Player 2: Player-1, '260793376', running on localhost
START Player-0 Human
START Player-1 260793376
0 2 BL TL 0
1 1 TR BL 1
3 4 TL BL 0
3 1 TR BR 1
3 4 BL BR 0
4 1 TL TR 1
3 0 TL TR 0
5 1 BL BR 1
0 3 TL BR 0
GAMEOVER WINNER 0
# Game ended: Sat Apr 13 11:18:40 ICT 2019
