# Server version 0.08 running on XPS15:8123
# Game ID: 152
# Board class: pentago_swap.PentagoBoard
# Timeout: 2000
# First Move Timeout: 30000
# Date: Thu Apr 11 06:07:14 ICT 2019
# Player 1: Player-0, '260793376', running on localhost
# Player 2: Player-1, 'persistent', running on localhost
START Player-0 260793376
START Player-1 persistent
1 1 TR BL 0
4 1 TL TR 1
5 0 BL BR 0
1 3 TL BR 1
4 1 TR BL 0
4 4 TL BR 1
3 0 TL TR 0
5 4 TL BR 1
1 2 TL BL 0
3 1 TL TR 1
2 5 TL BR 0
5 4 TL BR 1
GAMEOVER WINNER 1
# Game ended: Thu Apr 11 06:08:22 ICT 2019
