# Server version 0.08 running on XPS15:8123
# Game ID: 105
# Board class: pentago_swap.PentagoBoard
# Timeout: 2000
# First Move Timeout: 30000
# Date: Thu Apr 11 04:56:07 ICT 2019
# Player 1: Player-0, 'RandomPlayer', running on localhost
# Player 2: Player-1, '260793376', running on localhost
START Player-0 RandomPlayer
START Player-1 260793376
5 2 TR BR 0
1 3 TR BL 1
0 3 TL TR 0
4 1 TR BR 1
3 5 BL BR 0
3 4 TL BR 1
2 1 TL BL 0
4 3 TL BL 1
5 2 BL BR 0
3 1 TR BL 1
2 3 TL TR 0
5 2 TL BL 1
GAMEOVER WINNER 1
# Game ended: Thu Apr 11 04:56:13 ICT 2019
