# Server version 0.08 running on XPS15:8123
# Game ID: 361
# Board class: pentago_swap.PentagoBoard
# Timeout: 2000
# First Move Timeout: 30000
# Date: Sat Apr 13 07:15:15 ICT 2019
# Player 1: Player-0, 'Human', running on localhost
# Player 2: Player-1, '260793376', running on localhost
START Player-0 Human
START Player-1 260793376
0 2 TL BR 0
5 0 TR BL 1
0 2 TR BL 0
2 5 TL TR 1
0 4 BR BL 0
1 1 TR BL 1
0 4 TL BR 0
3 3 BL BR 1
3 3 TR BL 0
GAMEOVER WINNER 0
# Game ended: Sat Apr 13 07:16:04 ICT 2019
