# Server version 0.08 running on XPS15:8123
# Game ID: 3
# Board class: pentago_swap.PentagoBoard
# Timeout: 2000
# First Move Timeout: 30000
# Date: Sun Apr 07 02:48:35 ICT 2019
# Player 1: Player-0, 'Human', running on localhost
# Player 2: Player-1, 'RandomPlayer', running on localhost
START Player-0 Human
START Player-1 RandomPlayer
4 1 BL TL 0
0 1 TR BR 1
1 4 TR BR 0
3 2 TL TR 1
4 1 TL BR 0
2 0 BL BR 1
1 2 TL BL 0
3 1 TL BL 1
2 3 BL BR 0
5 4 BL BR 1
4 3 BL BR 0
3 4 TL TR 1
5 2 TL TR 0
1 0 BL BR 1
4 2 TR TL 0
5 2 TR BR 1
2 2 BL BR 0
1 2 TL BR 1
1 1 BL BR 0
3 3 TR BR 1
0 2 TR TL 0
3 2 TL TR 1
3 3 BL BR 0
3 3 TR BR 1
3 1 TL BL 0
5 0 BL BR 1
2 1 BL TL 0
2 1 TR BR 1
4 2 TL BR 0
2 1 TL BL 1
GAMEOVER WINNER 1
# Game ended: Sun Apr 07 02:49:44 ICT 2019
