# Server version 0.08 running on XPS15:8123
# Game ID: 371
# Board class: pentago_swap.PentagoBoard
# Timeout: 2000
# First Move Timeout: 30000
# Date: Sat Apr 13 07:26:05 ICT 2019
# Player 1: Player-0, '260793376', running on localhost
# Player 2: Player-1, 'Human', running on localhost
START Player-0 260793376
START Player-1 Human
1 0 TL BR 0
1 1 TL BR 1
2 0 TL BR 0
3 3 TL BR 1
2 3 TR BL 0
3 3 TL BR 1
4 0 TL TR 0
3 0 BL BR 1
4 4 TR BR 0
4 1 TR BL 1
0 4 TL BR 0
2 2 TR BR 1
GAMEOVER WINNER 1
# Game ended: Sat Apr 13 07:27:06 ICT 2019
