# Server version 0.08 running on XPS15:8123
# Game ID: 329
# Board class: pentago_swap.PentagoBoard
# Timeout: 2000
# First Move Timeout: 30000
# Date: Fri Apr 12 07:39:57 ICT 2019
# Player 1: Player-0, '260793376', running on localhost
# Player 2: Player-1, 'Human', running on localhost
START Player-0 260793376
START Player-1 Human
1 1 TR BL 0
4 1 BL TR 1
4 1 BL BR 0
4 1 BL TL 1
4 0 TL BL 0
4 3 BR TL 1
1 2 TL TR 0
1 2 TL BR 1
1 2 TL TR 0
GAMEOVER WINNER 0
# Game ended: Fri Apr 12 07:41:09 ICT 2019
