# Server version 0.08 running on XPS15:8123
# Game ID: 404
# Board class: pentago_swap.PentagoBoard
# Timeout: 2000
# First Move Timeout: 30000
# Date: Sat Apr 13 11:45:47 ICT 2019
# Player 1: Player-0, '260793376', running on localhost
# Player 2: Player-1, 'Human', running on localhost
START Player-0 260793376
START Player-1 Human
1 0 TL TR 0
1 1 TL BR 1
2 4 TL TR 0
1 4 TR TL 1
1 0 TR BR 0
2 1 TL BR 1
3 4 TR BR 0
3 4 BR TL 1
2 1 TR BR 0
2 2 BL BR 1
1 0 TL BL 0
0 0 TL BR 1
3 5 BL BR 0
0 5 BL TL 1
3 2 TL TR 0
GAMEOVER WINNER 0
# Game ended: Sat Apr 13 11:48:04 ICT 2019
