# Server version 0.08 running on XPS15:8123
# Game ID: 347
# Board class: pentago_swap.PentagoBoard
# Timeout: 2000
# First Move Timeout: 30000
# Date: Sat Apr 13 06:54:01 ICT 2019
# Player 1: Player-0, 'Human', running on localhost
# Player 2: Player-1, '260793376', running on localhost
START Player-0 Human
START Player-1 260793376
1 1 TL BR 0
0 3 BL BR 1
1 1 TL BR 0
1 3 TR BR 1
1 3 BR TL 0
4 3 TL TR 1
4 0 TR BR 0
0 3 BL BR 1
1 2 TL BL 0
GAMEOVER WINNER 0
# Game ended: Sat Apr 13 06:54:29 ICT 2019
