# Server version 0.08 running on XPS15:8123
# Game ID: 592
# Board class: pentago_swap.PentagoBoard
# Timeout: 2000
# First Move Timeout: 30000
# Date: Sat Apr 13 14:43:55 ICT 2019
# Player 1: Player-0, '260793376', running on localhost
# Player 2: Player-1, 'persistent', running on localhost
START Player-0 260793376
START Player-1 persistent
1 0 TL TR 0
0 2 TL TR 1
1 3 TR BR 0
4 4 TR BL 1
2 0 TR BR 0
2 3 BL BR 1
4 0 TL BL 0
1 1 TR BR 1
2 0 TR BL 0
0 0 TL BL 1
0 3 TL BL 0
3 0 TR BR 1
0 1 TL TR 0
GAMEOVER WINNER 0
# Game ended: Sat Apr 13 14:44:21 ICT 2019
