# Server version 0.08 running on XPS15:8123
# Game ID: 436
# Board class: pentago_swap.PentagoBoard
# Timeout: 2000
# First Move Timeout: 30000
# Date: Sat Apr 13 12:49:44 ICT 2019
# Player 1: Player-0, 'exploit', running on localhost
# Player 2: Player-1, '260793376', running on localhost
START Player-0 exploit
START Player-1 260793376
0 3 TL TR 0
1 4 TL TR 1
2 1 TL BR 0
4 1 TL BR 1
4 0 TR BL 0
1 0 TR BR 1
4 5 TR BL 0
5 5 TL BR 1
5 5 TL BL 0
3 0 TL BR 1
5 4 TR BR 0
0 0 TL BL 1
2 1 TL BL 0
1 5 TR BR 1
1 2 TR BR 0
1 4 BL BR 1
0 3 BL BR 0
1 3 BL BR 1
2 5 TL BL 0
2 3 TL BL 1
2 0 TL BL 0
5 3 TL BL 1
3 5 TL BL 0
3 2 TL BL 1
0 5 TR BL 0
0 1 TR BL 1
3 2 TL BL 0
0 4 TL BR 1
GAMEOVER WINNER 1
# Game ended: Sat Apr 13 12:50:38 ICT 2019
