# Server version 0.08 running on XPS15:8123
# Game ID: 145
# Board class: pentago_swap.PentagoBoard
# Timeout: 2000
# First Move Timeout: 30000
# Date: Thu Apr 11 05:58:56 ICT 2019
# Player 1: Player-0, 'persistent', running on localhost
# Player 2: Player-1, '260793376', running on localhost
START Player-0 persistent
START Player-1 260793376
1 1 BL BR 0
4 1 TL TR 1
3 3 TR BR 0
1 4 TR BL 1
1 2 TL BL 0
4 5 TR BR 1
5 1 TR BL 0
2 1 TL BR 1
1 4 BL BR 0
3 1 BL BR 1
0 4 TL BL 0
5 1 BL BR 1
2 1 TR BL 0
GAMEOVER WINNER 0
# Game ended: Thu Apr 11 06:00:06 ICT 2019
