# Server version 0.08 running on XPS15:8123
# Game ID: 291
# Board class: pentago_swap.PentagoBoard
# Timeout: 2000
# First Move Timeout: 30000
# Date: Thu Apr 11 08:43:24 ICT 2019
# Player 1: Player-0, 'time', running on localhost
# Player 2: Player-1, '260793376', running on localhost
START Player-0 time
START Player-1 260793376
1 1 TR BL 0
0 4 TL BL 1
2 5 TL TR 0
1 1 TL BL 1
4 4 BL BR 0
1 4 TL BL 1
4 2 BL BR 0
3 4 TL BR 1
4 5 BL BR 0
4 3 TL BL 1
1 0 TL BR 0
GAMEOVER WINNER 0
# Game ended: Thu Apr 11 08:44:02 ICT 2019
