# Server version 0.08 running on XPS15:8123
# Game ID: 273
# Board class: pentago_swap.PentagoBoard
# Timeout: 2000
# First Move Timeout: 30000
# Date: Thu Apr 11 08:22:41 ICT 2019
# Player 1: Player-0, 'time', running on localhost
# Player 2: Player-1, '260793376', running on localhost
START Player-0 time
START Player-1 260793376
1 1 TR BL 0
0 1 TR BR 1
5 4 TL BR 0
3 1 TL TR 1
4 2 TR BR 0
1 5 BL BR 1
3 3 BL BR 0
3 4 TL BL 1
5 5 TL BR 0
5 4 BL BR 1
0 2 TR BR 0
3 2 TL TR 1
1 5 TL BR 0
1 3 BL BR 1
5 5 TR BR 0
GAMEOVER WINNER 0
# Game ended: Thu Apr 11 08:23:18 ICT 2019
