# Server version 0.08 running on XPS15:8123
# Game ID: 130
# Board class: pentago_swap.PentagoBoard
# Timeout: 2000
# First Move Timeout: 30000
# Date: Thu Apr 11 05:45:30 ICT 2019
# Player 1: Player-0, '260793376', running on localhost
# Player 2: Player-1, 'persistent', running on localhost
START Player-0 260793376
START Player-1 persistent
1 0 TL BR 0
3 1 TR BR 1
2 4 TR BL 0
4 1 TR BL 1
4 1 TL TR 0
1 4 TR BL 1
2 0 TL BR 0
4 2 TL BR 1
4 3 TL BR 0
0 0 TR BL 1
3 3 TR BR 0
4 3 TL BR 1
5 3 TR BR 0
GAMEOVER WINNER 0
# Game ended: Thu Apr 11 05:45:40 ICT 2019
