# Server version 0.08 running on XPS15:8123
# Game ID: 290
# Board class: pentago_swap.PentagoBoard
# Timeout: 2000
# First Move Timeout: 30000
# Date: Thu Apr 11 08:42:44 ICT 2019
# Player 1: Player-0, '260793376', running on localhost
# Player 2: Player-1, 'time', running on localhost
START Player-0 260793376
START Player-1 time
1 0 TL BR 0
1 1 TL BL 1
5 4 TL BL 0
1 0 TL BR 1
2 0 TR BL 0
3 0 TL BR 1
5 5 TL BL 0
4 2 BL BR 1
4 1 TL BL 0
1 4 TL TR 1
5 1 TL BL 0
4 0 BL BR 1
GAMEOVER WINNER 1
# Game ended: Thu Apr 11 08:43:23 ICT 2019
