# Server version 0.08 running on XPS15:8123
# Game ID: 315
# Board class: pentago_swap.PentagoBoard
# Timeout: 2000
# First Move Timeout: 30000
# Date: Thu Apr 11 09:08:25 ICT 2019
# Player 1: Player-0, 'RandomPlayer', running on localhost
# Player 2: Player-1, '260793376', running on localhost
START Player-0 RandomPlayer
START Player-1 260793376
5 2 TR BR 0
5 3 BL BR 1
0 3 TL TR 0
1 2 TL BL 1
3 5 BL BR 0
4 3 TL BR 1
2 1 TL BL 0
4 1 BL BR 1
5 2 BL BR 0
4 4 TR BL 1
2 1 TL TR 0
4 3 TL BL 1
GAMEOVER WINNER 1
# Game ended: Thu Apr 11 09:08:59 ICT 2019
