# Server version 0.08 running on XPS15:8123
# Game ID: 726
# Board class: pentago_swap.PentagoBoard
# Timeout: 2000
# First Move Timeout: 30000
# Date: Sat Apr 13 16:04:46 ICT 2019
# Player 1: Player-0, 'penalty', running on localhost
# Player 2: Player-1, '260793376', running on localhost
START Player-0 penalty
START Player-1 260793376
0 0 BL BR 0
1 4 TL TR 1
2 1 TL BR 0
3 3 TL BR 1
2 2 TR BL 0
2 0 TL BL 1
2 4 TL TR 0
4 4 TL BR 1
4 2 TL TR 0
4 5 TR BL 1
5 5 TR BR 0
2 3 TR BL 1
4 0 TL BR 0
0 5 TR BR 1
3 4 TR BR 0
0 2 TR BR 1
0 5 TL BR 0
4 3 TL BR 1
4 5 TL BR 0
2 0 TL TR 1
2 0 TR BR 0
0 1 BL BR 1
GAMEOVER WINNER 1
# Game ended: Sat Apr 13 16:05:28 ICT 2019
