# Server version 0.08 running on XPS15:8123
# Game ID: 616
# Board class: pentago_swap.PentagoBoard
# Timeout: 2000
# First Move Timeout: 30000
# Date: Sat Apr 13 14:56:32 ICT 2019
# Player 1: Player-0, '260793376', running on localhost
# Player 2: Player-1, 'persistent', running on localhost
START Player-0 260793376
START Player-1 persistent
1 1 TR BL 0
4 3 TL BR 1
2 4 TR BR 0
4 1 TL BR 1
4 4 TL BR 0
4 3 TR BL 1
0 0 TR BR 0
2 3 TL TR 1
5 2 TR BL 0
0 3 TR BL 1
2 5 BL BR 0
5 3 BL BR 1
4 0 TR BL 0
1 1 TR BR 1
4 5 TL TR 0
5 4 TR BR 1
4 2 TL BL 0
GAMEOVER WINNER 0
# Game ended: Sat Apr 13 14:57:07 ICT 2019
