# Server version 0.08 running on XPS15:8123
# Game ID: 443
# Board class: pentago_swap.PentagoBoard
# Timeout: 2000
# First Move Timeout: 30000
# Date: Sat Apr 13 12:52:56 ICT 2019
# Player 1: Player-0, '260793376', running on localhost
# Player 2: Player-1, 'exploit', running on localhost
START Player-0 260793376
START Player-1 exploit
1 1 BL BR 0
4 1 TL BL 1
2 1 BL BR 0
4 1 TL BL 1
0 1 TR BL 0
4 1 TL TR 1
2 0 BL BR 0
2 2 TL BL 1
0 3 TL BL 0
0 5 BL BR 1
1 0 TR BL 0
0 0 BL BR 1
0 3 BL BR 0
2 5 TL BR 1
4 0 TL BR 0
5 0 TL BR 1
5 1 TL BR 0
0 5 TR BL 1
GAMEOVER WINNER 1
# Game ended: Sat Apr 13 12:53:30 ICT 2019
