# Server version 0.08 running on XPS15:8123
# Game ID: 421
# Board class: pentago_swap.PentagoBoard
# Timeout: 2000
# First Move Timeout: 30000
# Date: Sat Apr 13 12:31:40 ICT 2019
# Starting at move 11
# Player 1: Player-0, 'Human', running on localhost
# Player 2: Player-1, '260793376', running on localhost
START Player-0 Human
START Player-1 260793376
1 1 TL BR 0
3 0 TL BR 1
4 4 BL TR 0
1 3 TR BR 1
1 5 TR BR 0
1 0 TR BR 1
1 2 TL BL 0
5 3 TR BL 1
2 3 TR TL 0
4 0 TL BL 1
2 0 BR TL 0
3 0 TR BR 1
GAMEOVER WINNER 1
# Game ended: Sat Apr 13 12:32:04 ICT 2019
