# Server version 0.08 running on XPS15:8123
# Game ID: 408
# Board class: pentago_swap.PentagoBoard
# Timeout: 2000
# First Move Timeout: 30000
# Date: Sat Apr 13 11:53:59 ICT 2019
# Player 1: Player-0, '260793376', running on localhost
# Player 2: Player-1, 'Human', running on localhost
START Player-0 260793376
START Player-1 Human
3 0 BL BR 0
1 1 TL BR 1
0 5 TL TR 0
4 1 BL TL 1
5 0 BL BR 0
2 1 TL TR 1
2 5 TL TR 0
5 1 BL BR 1
2 0 TL BL 0
3 1 TL BR 1
GAMEOVER WINNER 1
# Game ended: Sat Apr 13 11:54:25 ICT 2019
