# Server version 0.08 running on XPS15:8123
# Game ID: 345
# Board class: pentago_swap.PentagoBoard
# Timeout: 2000
# First Move Timeout: 30000
# Date: Sat Apr 13 06:51:52 ICT 2019
# Player 1: Player-0, 'Human', running on localhost
# Player 2: Player-1, '260793376', running on localhost
START Player-0 Human
START Player-1 260793376
1 1 TL BR 0
0 3 BL BR 1
4 4 BL TR 0
4 0 BL BR 1
1 5 BR TL 0
4 3 TL TR 1
4 0 TR BR 0
5 3 TR BR 1
4 2 BL TR 0
GAMEOVER WINNER 0
# Game ended: Sat Apr 13 06:52:39 ICT 2019
