# Server version 0.08 running on XPS15:8123
# Game ID: 338
# Board class: pentago_swap.PentagoBoard
# Timeout: 2000
# First Move Timeout: 30000
# Date: Fri Apr 12 07:55:27 ICT 2019
# Player 1: Player-0, 'Human', running on localhost
# Player 2: Player-1, '260793376', running on localhost
START Player-0 Human
START Player-1 260793376
1 1 TL BL 0
0 3 TL BR 1
4 4 BR TL 0
1 3 TL TR 1
4 0 BL TL 0
4 4 BL BR 1
1 2 TL BL 0
1 3 TL BL 1
1 5 TR TL 0
GAMEOVER WINNER 0
# Game ended: Fri Apr 12 07:56:01 ICT 2019
