# Server version 0.08 running on XPS15:8123
# Game ID: 612
# Board class: pentago_swap.PentagoBoard
# Timeout: 2000
# First Move Timeout: 30000
# Date: Sat Apr 13 14:54:44 ICT 2019
# Player 1: Player-0, '260793376', running on localhost
# Player 2: Player-1, 'persistent', running on localhost
START Player-0 260793376
START Player-1 persistent
4 4 TL TR 0
1 0 TR BL 1
1 1 BL BR 0
1 4 TL BR 1
1 1 TL TR 0
1 0 TR BR 1
3 5 TL BR 0
2 3 TR BR 1
2 0 TR BL 0
3 3 TR BR 1
3 0 TL BR 0
2 4 TR BR 1
0 2 TL BL 0
GAMEOVER WINNER 0
# Game ended: Sat Apr 13 14:55:12 ICT 2019
